{"C:\\Caelum\\tw\\carango-bom\\src\\App.js": {"path":"C:\\Caelum\\tw\\carango-bom\\src\\App.js","statementMap":{"0":{"start":{"line":24,"column":17},"end":{"line":30,"column":8}},"1":{"start":{"line":32,"column":18},"end":{"line":47,"column":3}},"2":{"start":{"line":32,"column":41},"end":{"line":47,"column":1}},"3":{"start":{"line":50,"column":18},"end":{"line":50,"column":29}},"4":{"start":{"line":52,"column":25},"end":{"line":52,"column":54}},"5":{"start":{"line":54,"column":2},"end":{"line":58,"column":3}},"6":{"start":{"line":62,"column":2},"end":{"line":68,"column":3}},"7":{"start":{"line":64,"column":6},"end":{"line":66,"column":34}},"8":{"start":{"line":73,"column":44},"end":{"line":73,"column":54}},"9":{"start":{"line":74,"column":34},"end":{"line":74,"column":44}},"10":{"start":{"line":75,"column":38},"end":{"line":75,"column":53}},"11":{"start":{"line":77,"column":18},"end":{"line":77,"column":29}},"12":{"start":{"line":79,"column":2},"end":{"line":84,"column":9}},"13":{"start":{"line":80,"column":36},"end":{"line":80,"column":77}},"14":{"start":{"line":81,"column":4},"end":{"line":83,"column":5}},"15":{"start":{"line":82,"column":6},"end":{"line":82,"column":68}},"16":{"start":{"line":86,"column":2},"end":{"line":143,"column":4}}},"fnMap":{"0":{"name":"(anonymous_0)","decl":{"start":{"line":32,"column":29},"end":{"line":32,"column":30}},"loc":{"start":{"line":32,"column":41},"end":{"line":47,"column":1}},"line":32},"1":{"name":"Spinner","decl":{"start":{"line":49,"column":9},"end":{"line":49,"column":16}},"loc":{"start":{"line":49,"column":19},"end":{"line":59,"column":1}},"line":49},"2":{"name":"PrivateRoute","decl":{"start":{"line":61,"column":9},"end":{"line":61,"column":21}},"loc":{"start":{"line":61,"column":45},"end":{"line":69,"column":1}},"line":61},"3":{"name":"(anonymous_3)","decl":{"start":{"line":63,"column":29},"end":{"line":63,"column":30}},"loc":{"start":{"line":63,"column":35},"end":{"line":67,"column":5}},"line":63},"4":{"name":"App","decl":{"start":{"line":71,"column":9},"end":{"line":71,"column":12}},"loc":{"start":{"line":71,"column":15},"end":{"line":144,"column":1}},"line":71},"5":{"name":"(anonymous_5)","decl":{"start":{"line":79,"column":12},"end":{"line":79,"column":13}},"loc":{"start":{"line":79,"column":18},"end":{"line":84,"column":3}},"line":79}},"branchMap":{"0":{"loc":{"start":{"line":64,"column":13},"end":{"line":66,"column":34}},"type":"cond-expr","locations":[{"start":{"line":65,"column":10},"end":{"line":65,"column":18}},{"start":{"line":66,"column":10},"end":{"line":66,"column":34}}],"line":64},"1":{"loc":{"start":{"line":81,"column":4},"end":{"line":83,"column":5}},"type":"if","locations":[{"start":{"line":81,"column":4},"end":{"line":83,"column":5}},{"start":{"line":81,"column":4},"end":{"line":83,"column":5}}],"line":81}},"s":{"0":1,"1":1,"2":10,"3":8,"4":8,"5":8,"6":3,"7":3,"8":8,"9":8,"10":8,"11":8,"12":8,"13":5,"14":5,"15":3,"16":8},"f":{"0":10,"1":8,"2":3,"3":3,"4":8,"5":5},"b":{"0":[2,1],"1":[3,2]},"_coverageSchema":"1a1c01bbd47fc00a2c39e90264f33305004495a9","hash":"fb839657ae4394847ff378e99dac58507b47e3c3"}
,"C:\\Caelum\\tw\\carango-bom\\src\\Constants.js": {"path":"C:\\Caelum\\tw\\carango-bom\\src\\Constants.js","statementMap":{"0":{"start":{"line":1,"column":28},"end":{"line":1,"column":31}}},"fnMap":{},"branchMap":{},"s":{"0":2},"f":{},"b":{},"_coverageSchema":"1a1c01bbd47fc00a2c39e90264f33305004495a9","hash":"cf5be5f64c0e631df018160cf5592ffec6daba04"}
,"C:\\Caelum\\tw\\carango-bom\\src\\index.js": {"path":"C:\\Caelum\\tw\\carango-bom\\src\\index.js","statementMap":{"0":{"start":{"line":9,"column":0},"end":{"line":14,"column":2}},"1":{"start":{"line":19,"column":0},"end":{"line":19,"column":18}}},"fnMap":{},"branchMap":{},"s":{"0":0,"1":0},"f":{},"b":{}}
,"C:\\Caelum\\tw\\carango-bom\\src\\reportWebVitals.js": {"path":"C:\\Caelum\\tw\\carango-bom\\src\\reportWebVitals.js","statementMap":{"0":{"start":{"line":1,"column":24},"end":{"line":11,"column":1}},"1":{"start":{"line":2,"column":2},"end":{"line":10,"column":3}},"2":{"start":{"line":3,"column":4},"end":{"line":9,"column":7}},"3":{"start":{"line":4,"column":6},"end":{"line":4,"column":26}},"4":{"start":{"line":5,"column":6},"end":{"line":5,"column":26}},"5":{"start":{"line":6,"column":6},"end":{"line":6,"column":26}},"6":{"start":{"line":7,"column":6},"end":{"line":7,"column":26}},"7":{"start":{"line":8,"column":6},"end":{"line":8,"column":27}}},"fnMap":{"0":{"name":"(anonymous_0)","decl":{"start":{"line":1,"column":24},"end":{"line":1,"column":25}},"loc":{"start":{"line":1,"column":39},"end":{"line":11,"column":1}},"line":1},"1":{"name":"(anonymous_1)","decl":{"start":{"line":3,"column":30},"end":{"line":3,"column":31}},"loc":{"start":{"line":3,"column":79},"end":{"line":9,"column":5}},"line":3}},"branchMap":{"0":{"loc":{"start":{"line":2,"column":2},"end":{"line":10,"column":3}},"type":"if","locations":[{"start":{"line":2,"column":2},"end":{"line":10,"column":3}},{"start":{"line":2,"column":2},"end":{"line":10,"column":3}}],"line":2},"1":{"loc":{"start":{"line":2,"column":6},"end":{"line":2,"column":52}},"type":"binary-expr","locations":[{"start":{"line":2,"column":6},"end":{"line":2,"column":17}},{"start":{"line":2,"column":21},"end":{"line":2,"column":52}}],"line":2}},"s":{"0":0,"1":0,"2":0,"3":0,"4":0,"5":0,"6":0,"7":0},"f":{"0":0,"1":0},"b":{"0":[0,0],"1":[0,0]}}
,"C:\\Caelum\\tw\\carango-bom\\src\\components\\Confirmacao.jsx": {"path":"C:\\Caelum\\tw\\carango-bom\\src\\components\\Confirmacao.jsx","statementMap":{"0":{"start":{"line":5,"column":4},"end":{"line":22,"column":13}}},"fnMap":{"0":{"name":"Confirmacao","decl":{"start":{"line":4,"column":9},"end":{"line":4,"column":20}},"loc":{"start":{"line":4,"column":67},"end":{"line":23,"column":1}},"line":4}},"branchMap":{},"s":{"0":1},"f":{"0":1},"b":{},"_coverageSchema":"1a1c01bbd47fc00a2c39e90264f33305004495a9","hash":"af39364fcf0af586a28b89543b560afd503dc3b4"}
,"C:\\Caelum\\tw\\carango-bom\\src\\components\\Menu.jsx": {"path":"C:\\Caelum\\tw\\carango-bom\\src\\components\\Menu.jsx","statementMap":{"0":{"start":{"line":10,"column":18},"end":{"line":26,"column":3}},"1":{"start":{"line":10,"column":41},"end":{"line":26,"column":1}},"2":{"start":{"line":28,"column":23},"end":{"line":34,"column":12}},"3":{"start":{"line":37,"column":48},"end":{"line":37,"column":80}},"4":{"start":{"line":39,"column":20},"end":{"line":39,"column":31}},"5":{"start":{"line":40,"column":20},"end":{"line":40,"column":32}},"6":{"start":{"line":41,"column":21},"end":{"line":41,"column":34}},"7":{"start":{"line":44,"column":8},"end":{"line":44,"column":53}},"8":{"start":{"line":45,"column":8},"end":{"line":45,"column":31}},"9":{"start":{"line":46,"column":8},"end":{"line":46,"column":26}},"10":{"start":{"line":49,"column":4},"end":{"line":97,"column":5}},"11":{"start":{"line":81,"column":20},"end":{"line":83,"column":31}},"12":{"start":{"line":90,"column":68},"end":{"line":90,"column":76}}},"fnMap":{"0":{"name":"(anonymous_0)","decl":{"start":{"line":10,"column":29},"end":{"line":10,"column":30}},"loc":{"start":{"line":10,"column":41},"end":{"line":26,"column":1}},"line":10},"1":{"name":"Menu","decl":{"start":{"line":36,"column":9},"end":{"line":36,"column":13}},"loc":{"start":{"line":36,"column":16},"end":{"line":98,"column":1}},"line":36},"2":{"name":"logoff","decl":{"start":{"line":43,"column":13},"end":{"line":43,"column":19}},"loc":{"start":{"line":43,"column":22},"end":{"line":47,"column":5}},"line":43},"3":{"name":"(anonymous_3)","decl":{"start":{"line":80,"column":22},"end":{"line":80,"column":23}},"loc":{"start":{"line":81,"column":20},"end":{"line":83,"column":31}},"line":81},"4":{"name":"(anonymous_4)","decl":{"start":{"line":90,"column":62},"end":{"line":90,"column":63}},"loc":{"start":{"line":90,"column":68},"end":{"line":90,"column":76}},"line":90}},"branchMap":{"0":{"loc":{"start":{"line":61,"column":17},"end":{"line":64,"column":31}},"type":"binary-expr","locations":[{"start":{"line":61,"column":17},"end":{"line":61,"column":31}},{"start":{"line":62,"column":20},"end":{"line":64,"column":31}}],"line":61},"1":{"loc":{"start":{"line":66,"column":17},"end":{"line":69,"column":37}},"type":"binary-expr","locations":[{"start":{"line":66,"column":17},"end":{"line":66,"column":30}},{"start":{"line":67,"column":20},"end":{"line":69,"column":37}}],"line":66},"2":{"loc":{"start":{"line":76,"column":18},"end":{"line":84,"column":18}},"type":"binary-expr","locations":[{"start":{"line":76,"column":18},"end":{"line":76,"column":31}},{"start":{"line":76,"column":35},"end":{"line":84,"column":18}}],"line":76},"3":{"loc":{"start":{"line":88,"column":17},"end":{"line":91,"column":31}},"type":"binary-expr","locations":[{"start":{"line":88,"column":17},"end":{"line":88,"column":30}},{"start":{"line":89,"column":20},"end":{"line":91,"column":31}}],"line":88}},"s":{"0":2,"1":7,"2":2,"3":12,"4":12,"5":12,"6":12,"7":1,"8":1,"9":1,"10":12,"11":18,"12":1},"f":{"0":7,"1":12,"2":1,"3":18,"4":1},"b":{"0":[12,6],"1":[12,6],"2":[12,6],"3":[12,6]},"_coverageSchema":"1a1c01bbd47fc00a2c39e90264f33305004495a9","hash":"6a22055a2ee4c3857a2e759ee80b0d889495a733"}
,"C:\\Caelum\\tw\\carango-bom\\src\\components\\Message.jsx": {"path":"C:\\Caelum\\tw\\carango-bom\\src\\components\\Message.jsx","statementMap":{"0":{"start":{"line":8,"column":28},"end":{"line":8,"column":49}},"1":{"start":{"line":10,"column":38},"end":{"line":10,"column":65}},"2":{"start":{"line":12,"column":4},"end":{"line":16,"column":19}},"3":{"start":{"line":13,"column":8},"end":{"line":15,"column":9}},"4":{"start":{"line":14,"column":12},"end":{"line":14,"column":26}},"5":{"start":{"line":18,"column":24},"end":{"line":21,"column":5}},"6":{"start":{"line":19,"column":8},"end":{"line":19,"column":26}},"7":{"start":{"line":20,"column":8},"end":{"line":20,"column":23}},"8":{"start":{"line":25,"column":4},"end":{"line":31,"column":5}},"9":{"start":{"line":26,"column":8},"end":{"line":30,"column":9}},"10":{"start":{"line":27,"column":12},"end":{"line":27,"column":119}},"11":{"start":{"line":27,"column":53},"end":{"line":27,"column":113}},"12":{"start":{"line":29,"column":12},"end":{"line":29,"column":37}},"13":{"start":{"line":33,"column":4},"end":{"line":51,"column":6}}},"fnMap":{"0":{"name":"Message","decl":{"start":{"line":7,"column":24},"end":{"line":7,"column":31}},"loc":{"start":{"line":7,"column":34},"end":{"line":52,"column":1}},"line":7},"1":{"name":"(anonymous_1)","decl":{"start":{"line":12,"column":14},"end":{"line":12,"column":15}},"loc":{"start":{"line":12,"column":20},"end":{"line":16,"column":5}},"line":12},"2":{"name":"(anonymous_2)","decl":{"start":{"line":18,"column":24},"end":{"line":18,"column":25}},"loc":{"start":{"line":18,"column":30},"end":{"line":21,"column":5}},"line":18},"3":{"name":"(anonymous_3)","decl":{"start":{"line":27,"column":39},"end":{"line":27,"column":40}},"loc":{"start":{"line":27,"column":53},"end":{"line":27,"column":113}},"line":27}},"branchMap":{"0":{"loc":{"start":{"line":13,"column":8},"end":{"line":15,"column":9}},"type":"if","locations":[{"start":{"line":13,"column":8},"end":{"line":15,"column":9}},{"start":{"line":13,"column":8},"end":{"line":15,"column":9}}],"line":13},"1":{"loc":{"start":{"line":25,"column":4},"end":{"line":31,"column":5}},"type":"if","locations":[{"start":{"line":25,"column":4},"end":{"line":31,"column":5}},{"start":{"line":25,"column":4},"end":{"line":31,"column":5}}],"line":25},"2":{"loc":{"start":{"line":26,"column":8},"end":{"line":30,"column":9}},"type":"if","locations":[{"start":{"line":26,"column":8},"end":{"line":30,"column":9}},{"start":{"line":26,"column":8},"end":{"line":30,"column":9}}],"line":26},"3":{"loc":{"start":{"line":27,"column":56},"end":{"line":27,"column":78}},"type":"cond-expr","locations":[{"start":{"line":27,"column":62},"end":{"line":27,"column":73}},{"start":{"line":27,"column":76},"end":{"line":27,"column":78}}],"line":27}},"s":{"0":15,"1":15,"2":15,"3":8,"4":3,"5":15,"6":1,"7":1,"8":15,"9":7,"10":2,"11":2,"12":5,"13":15},"f":{"0":15,"1":8,"2":1,"3":2},"b":{"0":[3,5],"1":[7,8],"2":[2,5],"3":[0,2]},"_coverageSchema":"1a1c01bbd47fc00a2c39e90264f33305004495a9","hash":"02cdc198ae4355378af81aa72b34ee4baa622017"}
,"C:\\Caelum\\tw\\carango-bom\\src\\components\\Topbar.jsx": {"path":"C:\\Caelum\\tw\\carango-bom\\src\\components\\Topbar.jsx","statementMap":{"0":{"start":{"line":7,"column":18},"end":{"line":29,"column":3}},"1":{"start":{"line":7,"column":41},"end":{"line":29,"column":1}},"2":{"start":{"line":32,"column":20},"end":{"line":32,"column":31}},"3":{"start":{"line":34,"column":21},"end":{"line":34,"column":34}},"4":{"start":{"line":36,"column":22},"end":{"line":36,"column":53}},"5":{"start":{"line":38,"column":4},"end":{"line":44,"column":6}}},"fnMap":{"0":{"name":"(anonymous_0)","decl":{"start":{"line":7,"column":29},"end":{"line":7,"column":30}},"loc":{"start":{"line":7,"column":41},"end":{"line":29,"column":1}},"line":7},"1":{"name":"Topbar","decl":{"start":{"line":31,"column":9},"end":{"line":31,"column":15}},"loc":{"start":{"line":31,"column":18},"end":{"line":45,"column":1}},"line":31}},"branchMap":{"0":{"loc":{"start":{"line":41,"column":49},"end":{"line":41,"column":83}},"type":"cond-expr","locations":[{"start":{"line":41,"column":61},"end":{"line":41,"column":78}},{"start":{"line":41,"column":81},"end":{"line":41,"column":83}}],"line":41}},"s":{"0":1,"1":5,"2":9,"3":9,"4":9,"5":9},"f":{"0":5,"1":9},"b":{"0":[9,0]},"_coverageSchema":"1a1c01bbd47fc00a2c39e90264f33305004495a9","hash":"ac335aa56258c5e827c3aa96b5d31201cf414457"}
,"C:\\Caelum\\tw\\carango-bom\\src\\contexts\\CarregandoContext.js": {"path":"C:\\Caelum\\tw\\carango-bom\\src\\contexts\\CarregandoContext.js","statementMap":{"0":{"start":{"line":3,"column":26},"end":{"line":3,"column":47}}},"fnMap":{},"branchMap":{},"s":{"0":4},"f":{},"b":{},"_coverageSchema":"1a1c01bbd47fc00a2c39e90264f33305004495a9","hash":"206099b7b273bb7db6d368ef7d32680a24f61e88"}
,"C:\\Caelum\\tw\\carango-bom\\src\\contexts\\MensagemContext.js": {"path":"C:\\Caelum\\tw\\carango-bom\\src\\contexts\\MensagemContext.js","statementMap":{"0":{"start":{"line":3,"column":24},"end":{"line":3,"column":45}}},"fnMap":{},"branchMap":{},"s":{"0":5},"f":{},"b":{},"_coverageSchema":"1a1c01bbd47fc00a2c39e90264f33305004495a9","hash":"fb0d13a1b845ddd00a9640cec4b7bf4005c8e925"}
,"C:\\Caelum\\tw\\carango-bom\\src\\contexts\\UsuarioLogadoContext.js": {"path":"C:\\Caelum\\tw\\carango-bom\\src\\contexts\\UsuarioLogadoContext.js","statementMap":{"0":{"start":{"line":3,"column":29},"end":{"line":3,"column":50}}},"fnMap":{},"branchMap":{},"s":{"0":5},"f":{},"b":{},"_coverageSchema":"1a1c01bbd47fc00a2c39e90264f33305004495a9","hash":"006bc7a790d76d3a2f0f35e422439378c05b5f15"}
,"C:\\Caelum\\tw\\carango-bom\\src\\hooks\\useErros.js": {"path":"C:\\Caelum\\tw\\carango-bom\\src\\hooks\\useErros.js","statementMap":{"0":{"start":{"line":5,"column":26},"end":{"line":5,"column":56}},"1":{"start":{"line":7,"column":30},"end":{"line":7,"column":53}},"2":{"start":{"line":10,"column":32},"end":{"line":10,"column":44}},"3":{"start":{"line":11,"column":27},"end":{"line":11,"column":39}},"4":{"start":{"line":12,"column":8},"end":{"line":12,"column":51}},"5":{"start":{"line":13,"column":8},"end":{"line":13,"column":29}},"6":{"start":{"line":17,"column":8},"end":{"line":21,"column":9}},"7":{"start":{"line":18,"column":12},"end":{"line":20,"column":13}},"8":{"start":{"line":19,"column":16},"end":{"line":19,"column":29}},"9":{"start":{"line":23,"column":8},"end":{"line":23,"column":20}},"10":{"start":{"line":26,"column":4},"end":{"line":26,"column":47}},"11":{"start":{"line":30,"column":26},"end":{"line":30,"column":28}},"12":{"start":{"line":31,"column":4},"end":{"line":33,"column":5}},"13":{"start":{"line":32,"column":8},"end":{"line":32,"column":59}},"14":{"start":{"line":35,"column":4},"end":{"line":35,"column":25}}},"fnMap":{"0":{"name":"useErros","decl":{"start":{"line":3,"column":9},"end":{"line":3,"column":17}},"loc":{"start":{"line":3,"column":30},"end":{"line":27,"column":1}},"line":3},"1":{"name":"validarCampos","decl":{"start":{"line":9,"column":13},"end":{"line":9,"column":26}},"loc":{"start":{"line":9,"column":34},"end":{"line":14,"column":5}},"line":9},"2":{"name":"possoEnviar","decl":{"start":{"line":16,"column":13},"end":{"line":16,"column":24}},"loc":{"start":{"line":16,"column":27},"end":{"line":24,"column":5}},"line":16},"3":{"name":"criarEstadoInicial","decl":{"start":{"line":29,"column":9},"end":{"line":29,"column":27}},"loc":{"start":{"line":29,"column":40},"end":{"line":36,"column":1}},"line":29}},"branchMap":{"0":{"loc":{"start":{"line":18,"column":12},"end":{"line":20,"column":13}},"type":"if","locations":[{"start":{"line":18,"column":12},"end":{"line":20,"column":13}},{"start":{"line":18,"column":12},"end":{"line":20,"column":13}}],"line":18}},"s":{"0":0,"1":0,"2":0,"3":0,"4":0,"5":0,"6":0,"7":0,"8":0,"9":0,"10":0,"11":0,"12":0,"13":0,"14":0},"f":{"0":0,"1":0,"2":0,"3":0},"b":{"0":[0,0]},"_coverageSchema":"1a1c01bbd47fc00a2c39e90264f33305004495a9","hash":"db0377680e44bebd1663e3e2c06237a08f9a9a9c"}
,"C:\\Caelum\\tw\\carango-bom\\src\\pages\\CadastroMarca.jsx": {"path":"C:\\Caelum\\tw\\carango-bom\\src\\pages\\CadastroMarca.jsx","statementMap":{"0":{"start":{"line":11,"column":30},"end":{"line":11,"column":42}},"1":{"start":{"line":13,"column":20},"end":{"line":13,"column":32}},"2":{"start":{"line":15,"column":19},"end":{"line":15,"column":30}},"3":{"start":{"line":17,"column":28},"end":{"line":17,"column":55}},"4":{"start":{"line":18,"column":30},"end":{"line":18,"column":59}},"5":{"start":{"line":20,"column":23},"end":{"line":28,"column":5}},"6":{"start":{"line":22,"column":12},"end":{"line":26,"column":13}},"7":{"start":{"line":23,"column":16},"end":{"line":23,"column":40}},"8":{"start":{"line":25,"column":16},"end":{"line":25,"column":84}},"9":{"start":{"line":30,"column":48},"end":{"line":30,"column":68}},"10":{"start":{"line":33,"column":8},"end":{"line":33,"column":25}},"11":{"start":{"line":37,"column":4},"end":{"line":45,"column":13}},"12":{"start":{"line":38,"column":8},"end":{"line":44,"column":9}},"13":{"start":{"line":39,"column":12},"end":{"line":39,"column":32}},"14":{"start":{"line":40,"column":12},"end":{"line":43,"column":53}},"15":{"start":{"line":41,"column":27},"end":{"line":41,"column":43}},"16":{"start":{"line":42,"column":29},"end":{"line":42,"column":49}},"17":{"start":{"line":43,"column":31},"end":{"line":43,"column":51}},"18":{"start":{"line":47,"column":4},"end":{"line":105,"column":6}},"19":{"start":{"line":49,"column":12},"end":{"line":49,"column":35}},"20":{"start":{"line":50,"column":12},"end":{"line":72,"column":13}},"21":{"start":{"line":51,"column":16},"end":{"line":51,"column":36}},"22":{"start":{"line":52,"column":16},"end":{"line":69,"column":17}},"23":{"start":{"line":53,"column":20},"end":{"line":59,"column":61}},"24":{"start":{"line":55,"column":28},"end":{"line":55,"column":83}},"25":{"start":{"line":56,"column":28},"end":{"line":56,"column":45}},"26":{"start":{"line":58,"column":40},"end":{"line":58,"column":58}},"27":{"start":{"line":59,"column":39},"end":{"line":59,"column":59}},"28":{"start":{"line":61,"column":20},"end":{"line":68,"column":61}},"29":{"start":{"line":63,"column":28},"end":{"line":63,"column":85}},"30":{"start":{"line":64,"column":28},"end":{"line":64,"column":41}},"31":{"start":{"line":65,"column":28},"end":{"line":65,"column":45}},"32":{"start":{"line":67,"column":40},"end":{"line":67,"column":58}},"33":{"start":{"line":68,"column":39},"end":{"line":68,"column":59}},"34":{"start":{"line":71,"column":16},"end":{"line":71,"column":55}},"35":{"start":{"line":76,"column":33},"end":{"line":76,"column":59}}},"fnMap":{"0":{"name":"CadastroMarca","decl":{"start":{"line":9,"column":9},"end":{"line":9,"column":22}},"loc":{"start":{"line":9,"column":25},"end":{"line":106,"column":1}},"line":9},"1":{"name":"(anonymous_1)","decl":{"start":{"line":21,"column":15},"end":{"line":21,"column":16}},"loc":{"start":{"line":21,"column":23},"end":{"line":27,"column":9}},"line":21},"2":{"name":"cancelar","decl":{"start":{"line":32,"column":13},"end":{"line":32,"column":21}},"loc":{"start":{"line":32,"column":24},"end":{"line":34,"column":5}},"line":32},"3":{"name":"(anonymous_3)","decl":{"start":{"line":37,"column":14},"end":{"line":37,"column":15}},"loc":{"start":{"line":37,"column":20},"end":{"line":45,"column":5}},"line":37},"4":{"name":"(anonymous_4)","decl":{"start":{"line":41,"column":22},"end":{"line":41,"column":23}},"loc":{"start":{"line":41,"column":27},"end":{"line":41,"column":43}},"line":41},"5":{"name":"(anonymous_5)","decl":{"start":{"line":42,"column":23},"end":{"line":42,"column":24}},"loc":{"start":{"line":42,"column":29},"end":{"line":42,"column":49}},"line":42},"6":{"name":"(anonymous_6)","decl":{"start":{"line":43,"column":25},"end":{"line":43,"column":26}},"loc":{"start":{"line":43,"column":31},"end":{"line":43,"column":51}},"line":43},"7":{"name":"(anonymous_7)","decl":{"start":{"line":48,"column":24},"end":{"line":48,"column":25}},"loc":{"start":{"line":48,"column":35},"end":{"line":73,"column":9}},"line":48},"8":{"name":"(anonymous_8)","decl":{"start":{"line":54,"column":30},"end":{"line":54,"column":31}},"loc":{"start":{"line":54,"column":37},"end":{"line":57,"column":25}},"line":54},"9":{"name":"(anonymous_9)","decl":{"start":{"line":58,"column":31},"end":{"line":58,"column":32}},"loc":{"start":{"line":58,"column":40},"end":{"line":58,"column":58}},"line":58},"10":{"name":"(anonymous_10)","decl":{"start":{"line":59,"column":33},"end":{"line":59,"column":34}},"loc":{"start":{"line":59,"column":39},"end":{"line":59,"column":59}},"line":59},"11":{"name":"(anonymous_11)","decl":{"start":{"line":62,"column":30},"end":{"line":62,"column":31}},"loc":{"start":{"line":62,"column":37},"end":{"line":66,"column":25}},"line":62},"12":{"name":"(anonymous_12)","decl":{"start":{"line":67,"column":31},"end":{"line":67,"column":32}},"loc":{"start":{"line":67,"column":40},"end":{"line":67,"column":58}},"line":67},"13":{"name":"(anonymous_13)","decl":{"start":{"line":68,"column":33},"end":{"line":68,"column":34}},"loc":{"start":{"line":68,"column":39},"end":{"line":68,"column":59}},"line":68},"14":{"name":"(anonymous_14)","decl":{"start":{"line":76,"column":26},"end":{"line":76,"column":27}},"loc":{"start":{"line":76,"column":33},"end":{"line":76,"column":59}},"line":76}},"branchMap":{"0":{"loc":{"start":{"line":22,"column":12},"end":{"line":26,"column":13}},"type":"if","locations":[{"start":{"line":22,"column":12},"end":{"line":26,"column":13}},{"start":{"line":22,"column":12},"end":{"line":26,"column":13}}],"line":22},"1":{"loc":{"start":{"line":22,"column":16},"end":{"line":22,"column":40}},"type":"binary-expr","locations":[{"start":{"line":22,"column":16},"end":{"line":22,"column":20}},{"start":{"line":22,"column":24},"end":{"line":22,"column":40}}],"line":22},"2":{"loc":{"start":{"line":38,"column":8},"end":{"line":44,"column":9}},"type":"if","locations":[{"start":{"line":38,"column":8},"end":{"line":44,"column":9}},{"start":{"line":38,"column":8},"end":{"line":44,"column":9}}],"line":38},"3":{"loc":{"start":{"line":50,"column":12},"end":{"line":72,"column":13}},"type":"if","locations":[{"start":{"line":50,"column":12},"end":{"line":72,"column":13}},{"start":{"line":50,"column":12},"end":{"line":72,"column":13}}],"line":50},"4":{"loc":{"start":{"line":52,"column":16},"end":{"line":69,"column":17}},"type":"if","locations":[{"start":{"line":52,"column":16},"end":{"line":69,"column":17}},{"start":{"line":52,"column":16},"end":{"line":69,"column":17}}],"line":52},"5":{"loc":{"start":{"line":95,"column":17},"end":{"line":95,"column":45}},"type":"cond-expr","locations":[{"start":{"line":95,"column":22},"end":{"line":95,"column":31}},{"start":{"line":95,"column":34},"end":{"line":95,"column":45}}],"line":95}},"s":{"0":0,"1":0,"2":0,"3":0,"4":0,"5":0,"6":0,"7":0,"8":0,"9":0,"10":0,"11":0,"12":0,"13":0,"14":0,"15":0,"16":0,"17":0,"18":0,"19":0,"20":0,"21":0,"22":0,"23":0,"24":0,"25":0,"26":0,"27":0,"28":0,"29":0,"30":0,"31":0,"32":0,"33":0,"34":0,"35":0},"f":{"0":0,"1":0,"2":0,"3":0,"4":0,"5":0,"6":0,"7":0,"8":0,"9":0,"10":0,"11":0,"12":0,"13":0,"14":0},"b":{"0":[0,0],"1":[0,0],"2":[0,0],"3":[0,0],"4":[0,0],"5":[0,0]},"_coverageSchema":"1a1c01bbd47fc00a2c39e90264f33305004495a9","hash":"f86c2b8ccb051bdbadee491cb079de75c3a05c53"}
,"C:\\Caelum\\tw\\carango-bom\\src\\pages\\CadastroUsuario.jsx": {"path":"C:\\Caelum\\tw\\carango-bom\\src\\pages\\CadastroUsuario.jsx","statementMap":{"0":{"start":{"line":11,"column":34},"end":{"line":11,"column":46}},"1":{"start":{"line":12,"column":30},"end":{"line":12,"column":42}},"2":{"start":{"line":13,"column":52},"end":{"line":13,"column":64}},"3":{"start":{"line":14,"column":30},"end":{"line":14,"column":59}},"4":{"start":{"line":16,"column":28},"end":{"line":16,"column":55}},"5":{"start":{"line":18,"column":23},"end":{"line":40,"column":5}},"6":{"start":{"line":20,"column":12},"end":{"line":24,"column":13}},"7":{"start":{"line":21,"column":16},"end":{"line":21,"column":40}},"8":{"start":{"line":23,"column":16},"end":{"line":23,"column":86}},"9":{"start":{"line":27,"column":12},"end":{"line":31,"column":13}},"10":{"start":{"line":28,"column":16},"end":{"line":28,"column":40}},"11":{"start":{"line":30,"column":16},"end":{"line":30,"column":84}},"12":{"start":{"line":34,"column":12},"end":{"line":38,"column":13}},"13":{"start":{"line":35,"column":16},"end":{"line":35,"column":40}},"14":{"start":{"line":37,"column":16},"end":{"line":37,"column":86}},"15":{"start":{"line":42,"column":48},"end":{"line":42,"column":68}},"16":{"start":{"line":44,"column":20},"end":{"line":44,"column":32}},"17":{"start":{"line":47,"column":8},"end":{"line":47,"column":25}},"18":{"start":{"line":50,"column":4},"end":{"line":130,"column":6}},"19":{"start":{"line":52,"column":12},"end":{"line":52,"column":35}},"20":{"start":{"line":53,"column":12},"end":{"line":64,"column":13}},"21":{"start":{"line":54,"column":16},"end":{"line":54,"column":36}},"22":{"start":{"line":55,"column":16},"end":{"line":61,"column":57}},"23":{"start":{"line":57,"column":24},"end":{"line":57,"column":71}},"24":{"start":{"line":58,"column":24},"end":{"line":58,"column":50}},"25":{"start":{"line":60,"column":36},"end":{"line":60,"column":54}},"26":{"start":{"line":61,"column":35},"end":{"line":61,"column":55}},"27":{"start":{"line":63,"column":16},"end":{"line":63,"column":55}},"28":{"start":{"line":68,"column":33},"end":{"line":68,"column":61}},"29":{"start":{"line":84,"column":33},"end":{"line":84,"column":59}},"30":{"start":{"line":100,"column":33},"end":{"line":100,"column":70}}},"fnMap":{"0":{"name":"CadastroUsuario","decl":{"start":{"line":9,"column":9},"end":{"line":9,"column":24}},"loc":{"start":{"line":9,"column":27},"end":{"line":131,"column":1}},"line":9},"1":{"name":"(anonymous_1)","decl":{"start":{"line":19,"column":17},"end":{"line":19,"column":18}},"loc":{"start":{"line":19,"column":25},"end":{"line":25,"column":9}},"line":19},"2":{"name":"(anonymous_2)","decl":{"start":{"line":26,"column":15},"end":{"line":26,"column":16}},"loc":{"start":{"line":26,"column":23},"end":{"line":32,"column":9}},"line":26},"3":{"name":"(anonymous_3)","decl":{"start":{"line":33,"column":26},"end":{"line":33,"column":27}},"loc":{"start":{"line":33,"column":34},"end":{"line":39,"column":9}},"line":33},"4":{"name":"cancelar","decl":{"start":{"line":46,"column":13},"end":{"line":46,"column":21}},"loc":{"start":{"line":46,"column":24},"end":{"line":48,"column":5}},"line":46},"5":{"name":"(anonymous_5)","decl":{"start":{"line":51,"column":24},"end":{"line":51,"column":25}},"loc":{"start":{"line":51,"column":35},"end":{"line":65,"column":9}},"line":51},"6":{"name":"(anonymous_6)","decl":{"start":{"line":56,"column":26},"end":{"line":56,"column":27}},"loc":{"start":{"line":56,"column":32},"end":{"line":59,"column":21}},"line":56},"7":{"name":"(anonymous_7)","decl":{"start":{"line":60,"column":27},"end":{"line":60,"column":28}},"loc":{"start":{"line":60,"column":36},"end":{"line":60,"column":54}},"line":60},"8":{"name":"(anonymous_8)","decl":{"start":{"line":61,"column":29},"end":{"line":61,"column":30}},"loc":{"start":{"line":61,"column":35},"end":{"line":61,"column":55}},"line":61},"9":{"name":"(anonymous_9)","decl":{"start":{"line":68,"column":26},"end":{"line":68,"column":27}},"loc":{"start":{"line":68,"column":33},"end":{"line":68,"column":61}},"line":68},"10":{"name":"(anonymous_10)","decl":{"start":{"line":84,"column":26},"end":{"line":84,"column":27}},"loc":{"start":{"line":84,"column":33},"end":{"line":84,"column":59}},"line":84},"11":{"name":"(anonymous_11)","decl":{"start":{"line":100,"column":26},"end":{"line":100,"column":27}},"loc":{"start":{"line":100,"column":33},"end":{"line":100,"column":70}},"line":100}},"branchMap":{"0":{"loc":{"start":{"line":20,"column":12},"end":{"line":24,"column":13}},"type":"if","locations":[{"start":{"line":20,"column":12},"end":{"line":24,"column":13}},{"start":{"line":20,"column":12},"end":{"line":24,"column":13}}],"line":20},"1":{"loc":{"start":{"line":20,"column":16},"end":{"line":20,"column":40}},"type":"binary-expr","locations":[{"start":{"line":20,"column":16},"end":{"line":20,"column":20}},{"start":{"line":20,"column":24},"end":{"line":20,"column":40}}],"line":20},"2":{"loc":{"start":{"line":27,"column":12},"end":{"line":31,"column":13}},"type":"if","locations":[{"start":{"line":27,"column":12},"end":{"line":31,"column":13}},{"start":{"line":27,"column":12},"end":{"line":31,"column":13}}],"line":27},"3":{"loc":{"start":{"line":27,"column":16},"end":{"line":27,"column":40}},"type":"binary-expr","locations":[{"start":{"line":27,"column":16},"end":{"line":27,"column":20}},{"start":{"line":27,"column":24},"end":{"line":27,"column":40}}],"line":27},"4":{"loc":{"start":{"line":34,"column":12},"end":{"line":38,"column":13}},"type":"if","locations":[{"start":{"line":34,"column":12},"end":{"line":38,"column":13}},{"start":{"line":34,"column":12},"end":{"line":38,"column":13}}],"line":34},"5":{"loc":{"start":{"line":34,"column":16},"end":{"line":34,"column":38}},"type":"binary-expr","locations":[{"start":{"line":34,"column":16},"end":{"line":34,"column":20}},{"start":{"line":34,"column":24},"end":{"line":34,"column":38}}],"line":34},"6":{"loc":{"start":{"line":53,"column":12},"end":{"line":64,"column":13}},"type":"if","locations":[{"start":{"line":53,"column":12},"end":{"line":64,"column":13}},{"start":{"line":53,"column":12},"end":{"line":64,"column":13}}],"line":53}},"s":{"0":0,"1":0,"2":0,"3":0,"4":0,"5":0,"6":0,"7":0,"8":0,"9":0,"10":0,"11":0,"12":0,"13":0,"14":0,"15":0,"16":0,"17":0,"18":0,"19":0,"20":0,"21":0,"22":0,"23":0,"24":0,"25":0,"26":0,"27":0,"28":0,"29":0,"30":0},"f":{"0":0,"1":0,"2":0,"3":0,"4":0,"5":0,"6":0,"7":0,"8":0,"9":0,"10":0,"11":0},"b":{"0":[0,0],"1":[0,0],"2":[0,0],"3":[0,0],"4":[0,0],"5":[0,0],"6":[0,0]},"_coverageSchema":"1a1c01bbd47fc00a2c39e90264f33305004495a9","hash":"d0ff1b7a0dd1aef65f91d0b1cc5c58f5b4632ef0"}
,"C:\\Caelum\\tw\\carango-bom\\src\\pages\\CadastroVeiculo.jsx": {"path":"C:\\Caelum\\tw\\carango-bom\\src\\pages\\CadastroVeiculo.jsx","statementMap":{"0":{"start":{"line":10,"column":18},"end":{"line":17,"column":3}},"1":{"start":{"line":10,"column":41},"end":{"line":17,"column":1}},"2":{"start":{"line":21,"column":20},"end":{"line":21,"column":31}},"3":{"start":{"line":22,"column":32},"end":{"line":22,"column":44}},"4":{"start":{"line":23,"column":30},"end":{"line":23,"column":42}},"5":{"start":{"line":24,"column":26},"end":{"line":24,"column":38}},"6":{"start":{"line":25,"column":32},"end":{"line":25,"column":44}},"7":{"start":{"line":26,"column":30},"end":{"line":26,"column":42}},"8":{"start":{"line":27,"column":30},"end":{"line":27,"column":59}},"9":{"start":{"line":29,"column":20},"end":{"line":29,"column":32}},"10":{"start":{"line":31,"column":19},"end":{"line":31,"column":30}},"11":{"start":{"line":33,"column":28},"end":{"line":33,"column":55}},"12":{"start":{"line":35,"column":23},"end":{"line":65,"column":5}},"13":{"start":{"line":37,"column":12},"end":{"line":41,"column":13}},"14":{"start":{"line":38,"column":16},"end":{"line":38,"column":40}},"15":{"start":{"line":40,"column":16},"end":{"line":40,"column":76}},"16":{"start":{"line":44,"column":12},"end":{"line":48,"column":13}},"17":{"start":{"line":45,"column":16},"end":{"line":45,"column":40}},"18":{"start":{"line":47,"column":16},"end":{"line":47,"column":85}},"19":{"start":{"line":51,"column":28},"end":{"line":51,"column":56}},"20":{"start":{"line":52,"column":12},"end":{"line":56,"column":13}},"21":{"start":{"line":53,"column":16},"end":{"line":53,"column":40}},"22":{"start":{"line":55,"column":16},"end":{"line":55,"column":87}},"23":{"start":{"line":59,"column":12},"end":{"line":63,"column":13}},"24":{"start":{"line":60,"column":16},"end":{"line":60,"column":40}},"25":{"start":{"line":62,"column":16},"end":{"line":62,"column":81}},"26":{"start":{"line":68,"column":4},"end":{"line":86,"column":13}},"27":{"start":{"line":69,"column":8},"end":{"line":80,"column":9}},"28":{"start":{"line":70,"column":12},"end":{"line":70,"column":32}},"29":{"start":{"line":71,"column":12},"end":{"line":79,"column":53}},"30":{"start":{"line":73,"column":20},"end":{"line":73,"column":40}},"31":{"start":{"line":74,"column":20},"end":{"line":74,"column":34}},"32":{"start":{"line":75,"column":20},"end":{"line":75,"column":40}},"33":{"start":{"line":76,"column":20},"end":{"line":76,"column":38}},"34":{"start":{"line":78,"column":29},"end":{"line":78,"column":49}},"35":{"start":{"line":79,"column":31},"end":{"line":79,"column":51}},"36":{"start":{"line":82,"column":8},"end":{"line":82,"column":28}},"37":{"start":{"line":83,"column":8},"end":{"line":85,"column":49}},"38":{"start":{"line":84,"column":27},"end":{"line":84,"column":43}},"39":{"start":{"line":85,"column":27},"end":{"line":85,"column":47}},"40":{"start":{"line":88,"column":48},"end":{"line":88,"column":68}},"41":{"start":{"line":91,"column":8},"end":{"line":91,"column":25}},"42":{"start":{"line":94,"column":4},"end":{"line":200,"column":6}},"43":{"start":{"line":96,"column":12},"end":{"line":96,"column":35}},"44":{"start":{"line":97,"column":12},"end":{"line":122,"column":13}},"45":{"start":{"line":98,"column":16},"end":{"line":98,"column":36}},"46":{"start":{"line":99,"column":16},"end":{"line":119,"column":17}},"47":{"start":{"line":100,"column":20},"end":{"line":106,"column":61}},"48":{"start":{"line":102,"column":28},"end":{"line":102,"column":73}},"49":{"start":{"line":103,"column":28},"end":{"line":103,"column":45}},"50":{"start":{"line":105,"column":40},"end":{"line":105,"column":58}},"51":{"start":{"line":106,"column":39},"end":{"line":106,"column":59}},"52":{"start":{"line":108,"column":20},"end":{"line":118,"column":61}},"53":{"start":{"line":110,"column":28},"end":{"line":110,"column":74}},"54":{"start":{"line":111,"column":28},"end":{"line":111,"column":41}},"55":{"start":{"line":112,"column":28},"end":{"line":112,"column":42}},"56":{"start":{"line":113,"column":28},"end":{"line":113,"column":39}},"57":{"start":{"line":114,"column":28},"end":{"line":114,"column":41}},"58":{"start":{"line":115,"column":28},"end":{"line":115,"column":45}},"59":{"start":{"line":117,"column":40},"end":{"line":117,"column":58}},"60":{"start":{"line":118,"column":39},"end":{"line":118,"column":59}},"61":{"start":{"line":121,"column":16},"end":{"line":121,"column":55}},"62":{"start":{"line":130,"column":37},"end":{"line":130,"column":63}},"63":{"start":{"line":132,"column":47},"end":{"line":132,"column":100}},"64":{"start":{"line":138,"column":33},"end":{"line":138,"column":60}},"65":{"start":{"line":154,"column":33},"end":{"line":154,"column":57}},"66":{"start":{"line":170,"column":33},"end":{"line":170,"column":59}}},"fnMap":{"0":{"name":"(anonymous_0)","decl":{"start":{"line":10,"column":29},"end":{"line":10,"column":30}},"loc":{"start":{"line":10,"column":41},"end":{"line":17,"column":1}},"line":10},"1":{"name":"CadastroVeiculo","decl":{"start":{"line":20,"column":9},"end":{"line":20,"column":24}},"loc":{"start":{"line":20,"column":27},"end":{"line":201,"column":1}},"line":20},"2":{"name":"(anonymous_2)","decl":{"start":{"line":36,"column":15},"end":{"line":36,"column":16}},"loc":{"start":{"line":36,"column":23},"end":{"line":42,"column":9}},"line":36},"3":{"name":"(anonymous_3)","decl":{"start":{"line":43,"column":16},"end":{"line":43,"column":17}},"loc":{"start":{"line":43,"column":24},"end":{"line":49,"column":9}},"line":43},"4":{"name":"(anonymous_4)","decl":{"start":{"line":50,"column":13},"end":{"line":50,"column":14}},"loc":{"start":{"line":50,"column":21},"end":{"line":57,"column":9}},"line":50},"5":{"name":"(anonymous_5)","decl":{"start":{"line":58,"column":15},"end":{"line":58,"column":16}},"loc":{"start":{"line":58,"column":23},"end":{"line":64,"column":9}},"line":58},"6":{"name":"(anonymous_6)","decl":{"start":{"line":68,"column":14},"end":{"line":68,"column":15}},"loc":{"start":{"line":68,"column":20},"end":{"line":86,"column":5}},"line":68},"7":{"name":"(anonymous_7)","decl":{"start":{"line":72,"column":22},"end":{"line":72,"column":23}},"loc":{"start":{"line":72,"column":27},"end":{"line":77,"column":17}},"line":72},"8":{"name":"(anonymous_8)","decl":{"start":{"line":78,"column":23},"end":{"line":78,"column":24}},"loc":{"start":{"line":78,"column":29},"end":{"line":78,"column":49}},"line":78},"9":{"name":"(anonymous_9)","decl":{"start":{"line":79,"column":25},"end":{"line":79,"column":26}},"loc":{"start":{"line":79,"column":31},"end":{"line":79,"column":51}},"line":79},"10":{"name":"(anonymous_10)","decl":{"start":{"line":84,"column":18},"end":{"line":84,"column":19}},"loc":{"start":{"line":84,"column":27},"end":{"line":84,"column":43}},"line":84},"11":{"name":"(anonymous_11)","decl":{"start":{"line":85,"column":21},"end":{"line":85,"column":22}},"loc":{"start":{"line":85,"column":27},"end":{"line":85,"column":47}},"line":85},"12":{"name":"cancelar","decl":{"start":{"line":90,"column":13},"end":{"line":90,"column":21}},"loc":{"start":{"line":90,"column":24},"end":{"line":92,"column":5}},"line":90},"13":{"name":"(anonymous_13)","decl":{"start":{"line":95,"column":24},"end":{"line":95,"column":25}},"loc":{"start":{"line":95,"column":35},"end":{"line":123,"column":9}},"line":95},"14":{"name":"(anonymous_14)","decl":{"start":{"line":101,"column":30},"end":{"line":101,"column":31}},"loc":{"start":{"line":101,"column":37},"end":{"line":104,"column":25}},"line":101},"15":{"name":"(anonymous_15)","decl":{"start":{"line":105,"column":31},"end":{"line":105,"column":32}},"loc":{"start":{"line":105,"column":40},"end":{"line":105,"column":58}},"line":105},"16":{"name":"(anonymous_16)","decl":{"start":{"line":106,"column":33},"end":{"line":106,"column":34}},"loc":{"start":{"line":106,"column":39},"end":{"line":106,"column":59}},"line":106},"17":{"name":"(anonymous_17)","decl":{"start":{"line":109,"column":30},"end":{"line":109,"column":31}},"loc":{"start":{"line":109,"column":36},"end":{"line":116,"column":25}},"line":109},"18":{"name":"(anonymous_18)","decl":{"start":{"line":117,"column":31},"end":{"line":117,"column":32}},"loc":{"start":{"line":117,"column":40},"end":{"line":117,"column":58}},"line":117},"19":{"name":"(anonymous_19)","decl":{"start":{"line":118,"column":33},"end":{"line":118,"column":34}},"loc":{"start":{"line":118,"column":39},"end":{"line":118,"column":59}},"line":118},"20":{"name":"(anonymous_20)","decl":{"start":{"line":130,"column":30},"end":{"line":130,"column":31}},"loc":{"start":{"line":130,"column":37},"end":{"line":130,"column":63}},"line":130},"21":{"name":"(anonymous_21)","decl":{"start":{"line":132,"column":42},"end":{"line":132,"column":43}},"loc":{"start":{"line":132,"column":47},"end":{"line":132,"column":100}},"line":132},"22":{"name":"(anonymous_22)","decl":{"start":{"line":138,"column":26},"end":{"line":138,"column":27}},"loc":{"start":{"line":138,"column":33},"end":{"line":138,"column":60}},"line":138},"23":{"name":"(anonymous_23)","decl":{"start":{"line":154,"column":26},"end":{"line":154,"column":27}},"loc":{"start":{"line":154,"column":33},"end":{"line":154,"column":57}},"line":154},"24":{"name":"(anonymous_24)","decl":{"start":{"line":170,"column":26},"end":{"line":170,"column":27}},"loc":{"start":{"line":170,"column":33},"end":{"line":170,"column":59}},"line":170}},"branchMap":{"0":{"loc":{"start":{"line":37,"column":12},"end":{"line":41,"column":13}},"type":"if","locations":[{"start":{"line":37,"column":12},"end":{"line":41,"column":13}},{"start":{"line":37,"column":12},"end":{"line":41,"column":13}}],"line":37},"1":{"loc":{"start":{"line":44,"column":12},"end":{"line":48,"column":13}},"type":"if","locations":[{"start":{"line":44,"column":12},"end":{"line":48,"column":13}},{"start":{"line":44,"column":12},"end":{"line":48,"column":13}}],"line":44},"2":{"loc":{"start":{"line":44,"column":16},"end":{"line":44,"column":40}},"type":"binary-expr","locations":[{"start":{"line":44,"column":16},"end":{"line":44,"column":20}},{"start":{"line":44,"column":24},"end":{"line":44,"column":40}}],"line":44},"3":{"loc":{"start":{"line":52,"column":12},"end":{"line":56,"column":13}},"type":"if","locations":[{"start":{"line":52,"column":12},"end":{"line":56,"column":13}},{"start":{"line":52,"column":12},"end":{"line":56,"column":13}}],"line":52},"4":{"loc":{"start":{"line":52,"column":16},"end":{"line":52,"column":54}},"type":"binary-expr","locations":[{"start":{"line":52,"column":16},"end":{"line":52,"column":20}},{"start":{"line":52,"column":24},"end":{"line":52,"column":36}},{"start":{"line":52,"column":40},"end":{"line":52,"column":54}}],"line":52},"5":{"loc":{"start":{"line":59,"column":12},"end":{"line":63,"column":13}},"type":"if","locations":[{"start":{"line":59,"column":12},"end":{"line":63,"column":13}},{"start":{"line":59,"column":12},"end":{"line":63,"column":13}}],"line":59},"6":{"loc":{"start":{"line":59,"column":16},"end":{"line":59,"column":32}},"type":"binary-expr","locations":[{"start":{"line":59,"column":16},"end":{"line":59,"column":20}},{"start":{"line":59,"column":24},"end":{"line":59,"column":32}}],"line":59},"7":{"loc":{"start":{"line":69,"column":8},"end":{"line":80,"column":9}},"type":"if","locations":[{"start":{"line":69,"column":8},"end":{"line":80,"column":9}},{"start":{"line":69,"column":8},"end":{"line":80,"column":9}}],"line":69},"8":{"loc":{"start":{"line":97,"column":12},"end":{"line":122,"column":13}},"type":"if","locations":[{"start":{"line":97,"column":12},"end":{"line":122,"column":13}},{"start":{"line":97,"column":12},"end":{"line":122,"column":13}}],"line":97},"9":{"loc":{"start":{"line":99,"column":16},"end":{"line":119,"column":17}},"type":"if","locations":[{"start":{"line":99,"column":16},"end":{"line":119,"column":17}},{"start":{"line":99,"column":16},"end":{"line":119,"column":17}}],"line":99},"10":{"loc":{"start":{"line":132,"column":21},"end":{"line":132,"column":101}},"type":"binary-expr","locations":[{"start":{"line":132,"column":21},"end":{"line":132,"column":27}},{"start":{"line":132,"column":31},"end":{"line":132,"column":101}}],"line":132},"11":{"loc":{"start":{"line":190,"column":17},"end":{"line":190,"column":45}},"type":"cond-expr","locations":[{"start":{"line":190,"column":22},"end":{"line":190,"column":31}},{"start":{"line":190,"column":34},"end":{"line":190,"column":45}}],"line":190}},"s":{"0":1,"1":0,"2":0,"3":0,"4":0,"5":0,"6":0,"7":0,"8":0,"9":0,"10":0,"11":0,"12":0,"13":0,"14":0,"15":0,"16":0,"17":0,"18":0,"19":0,"20":0,"21":0,"22":0,"23":0,"24":0,"25":0,"26":0,"27":0,"28":0,"29":0,"30":0,"31":0,"32":0,"33":0,"34":0,"35":0,"36":0,"37":0,"38":0,"39":0,"40":0,"41":0,"42":0,"43":0,"44":0,"45":0,"46":0,"47":0,"48":0,"49":0,"50":0,"51":0,"52":0,"53":0,"54":0,"55":0,"56":0,"57":0,"58":0,"59":0,"60":0,"61":0,"62":0,"63":0,"64":0,"65":0,"66":0},"f":{"0":0,"1":0,"2":0,"3":0,"4":0,"5":0,"6":0,"7":0,"8":0,"9":0,"10":0,"11":0,"12":0,"13":0,"14":0,"15":0,"16":0,"17":0,"18":0,"19":0,"20":0,"21":0,"22":0,"23":0,"24":0},"b":{"0":[0,0],"1":[0,0],"2":[0,0],"3":[0,0],"4":[0,0,0],"5":[0,0],"6":[0,0],"7":[0,0],"8":[0,0],"9":[0,0],"10":[0,0],"11":[0,0]},"_coverageSchema":"1a1c01bbd47fc00a2c39e90264f33305004495a9","hash":"836ef10bc87eb426cf55047805fd497c06f0d7f4"}
,"C:\\Caelum\\tw\\carango-bom\\src\\pages\\Dashboard.jsx": {"path":"C:\\Caelum\\tw\\carango-bom\\src\\pages\\Dashboard.jsx","statementMap":{"0":{"start":{"line":5,"column":18},"end":{"line":12,"column":2}},"1":{"start":{"line":15,"column":20},"end":{"line":15,"column":31}},"2":{"start":{"line":17,"column":30},"end":{"line":17,"column":42}},"3":{"start":{"line":19,"column":4},"end":{"line":29,"column":11}},"4":{"start":{"line":20,"column":8},"end":{"line":28,"column":15}},"5":{"start":{"line":22,"column":16},"end":{"line":27,"column":19}},"6":{"start":{"line":23,"column":20},"end":{"line":26,"column":21}},"7":{"start":{"line":31,"column":4},"end":{"line":47,"column":6}},"8":{"start":{"line":33,"column":12},"end":{"line":45,"column":19}}},"fnMap":{"0":{"name":"Dashboard","decl":{"start":{"line":14,"column":9},"end":{"line":14,"column":18}},"loc":{"start":{"line":14,"column":21},"end":{"line":48,"column":1}},"line":14},"1":{"name":"(anonymous_1)","decl":{"start":{"line":19,"column":14},"end":{"line":19,"column":15}},"loc":{"start":{"line":19,"column":20},"end":{"line":29,"column":5}},"line":19},"2":{"name":"(anonymous_2)","decl":{"start":{"line":21,"column":18},"end":{"line":21,"column":19}},"loc":{"start":{"line":21,"column":27},"end":{"line":28,"column":13}},"line":21},"3":{"name":"(anonymous_3)","decl":{"start":{"line":22,"column":35},"end":{"line":22,"column":36}},"loc":{"start":{"line":23,"column":20},"end":{"line":26,"column":21}},"line":23},"4":{"name":"(anonymous_4)","decl":{"start":{"line":32,"column":18},"end":{"line":32,"column":19}},"loc":{"start":{"line":33,"column":12},"end":{"line":45,"column":19}},"line":33}},"branchMap":{},"s":{"0":1,"1":0,"2":0,"3":0,"4":0,"5":0,"6":0,"7":0,"8":0},"f":{"0":0,"1":0,"2":0,"3":0,"4":0},"b":{},"_coverageSchema":"1a1c01bbd47fc00a2c39e90264f33305004495a9","hash":"2c45fe070c062fc7ffaec474d013f7ed82a08839"}
,"C:\\Caelum\\tw\\carango-bom\\src\\pages\\ListagemMarcas.jsx": {"path":"C:\\Caelum\\tw\\carango-bom\\src\\pages\\ListagemMarcas.jsx","statementMap":{"0":{"start":{"line":11,"column":16},"end":{"line":13,"column":1}},"1":{"start":{"line":15,"column":18},"end":{"line":28,"column":3}},"2":{"start":{"line":15,"column":36},"end":{"line":28,"column":1}},"3":{"start":{"line":31,"column":32},"end":{"line":31,"column":44}},"4":{"start":{"line":32,"column":52},"end":{"line":32,"column":62}},"5":{"start":{"line":33,"column":20},"end":{"line":33,"column":31}},"6":{"start":{"line":34,"column":20},"end":{"line":34,"column":32}},"7":{"start":{"line":35,"column":40},"end":{"line":35,"column":55}},"8":{"start":{"line":36,"column":28},"end":{"line":36,"column":55}},"9":{"start":{"line":37,"column":30},"end":{"line":37,"column":59}},"10":{"start":{"line":40,"column":8},"end":{"line":40,"column":64}},"11":{"start":{"line":43,"column":30},"end":{"line":45,"column":5}},"12":{"start":{"line":44,"column":8},"end":{"line":44,"column":29}},"13":{"start":{"line":48,"column":8},"end":{"line":48,"column":28}},"14":{"start":{"line":52,"column":8},"end":{"line":52,"column":29}},"15":{"start":{"line":53,"column":8},"end":{"line":53,"column":28}},"16":{"start":{"line":54,"column":8},"end":{"line":60,"column":49}},"17":{"start":{"line":56,"column":16},"end":{"line":56,"column":42}},"18":{"start":{"line":57,"column":16},"end":{"line":57,"column":33}},"19":{"start":{"line":58,"column":16},"end":{"line":58,"column":59}},"20":{"start":{"line":60,"column":27},"end":{"line":60,"column":47}},"21":{"start":{"line":65,"column":4},"end":{"line":65,"column":42}},"22":{"start":{"line":65,"column":20},"end":{"line":65,"column":36}},"23":{"start":{"line":68,"column":8},"end":{"line":68,"column":28}},"24":{"start":{"line":69,"column":8},"end":{"line":71,"column":49}},"25":{"start":{"line":70,"column":27},"end":{"line":70,"column":43}},"26":{"start":{"line":71,"column":27},"end":{"line":71,"column":47}},"27":{"start":{"line":74,"column":4},"end":{"line":111,"column":6}},"28":{"start":{"line":77,"column":48},"end":{"line":77,"column":87}},"29":{"start":{"line":86,"column":35},"end":{"line":86,"column":44}},"30":{"start":{"line":94,"column":35},"end":{"line":94,"column":44}},"31":{"start":{"line":99,"column":89},"end":{"line":99,"column":120}}},"fnMap":{"0":{"name":"(anonymous_0)","decl":{"start":{"line":15,"column":29},"end":{"line":15,"column":30}},"loc":{"start":{"line":15,"column":36},"end":{"line":28,"column":1}},"line":15},"1":{"name":"ListagemMarcas","decl":{"start":{"line":30,"column":9},"end":{"line":30,"column":23}},"loc":{"start":{"line":30,"column":26},"end":{"line":112,"column":1}},"line":30},"2":{"name":"alterar","decl":{"start":{"line":39,"column":13},"end":{"line":39,"column":20}},"loc":{"start":{"line":39,"column":23},"end":{"line":41,"column":5}},"line":39},"3":{"name":"(anonymous_3)","decl":{"start":{"line":43,"column":30},"end":{"line":43,"column":31}},"loc":{"start":{"line":43,"column":36},"end":{"line":45,"column":5}},"line":43},"4":{"name":"excluir","decl":{"start":{"line":47,"column":13},"end":{"line":47,"column":20}},"loc":{"start":{"line":47,"column":23},"end":{"line":49,"column":5}},"line":47},"5":{"name":"handleConfirmDialog","decl":{"start":{"line":51,"column":13},"end":{"line":51,"column":32}},"loc":{"start":{"line":51,"column":35},"end":{"line":61,"column":5}},"line":51},"6":{"name":"(anonymous_6)","decl":{"start":{"line":55,"column":18},"end":{"line":55,"column":19}},"loc":{"start":{"line":55,"column":24},"end":{"line":59,"column":13}},"line":55},"7":{"name":"(anonymous_7)","decl":{"start":{"line":60,"column":21},"end":{"line":60,"column":22}},"loc":{"start":{"line":60,"column":27},"end":{"line":60,"column":47}},"line":60},"8":{"name":"(anonymous_8)","decl":{"start":{"line":65,"column":14},"end":{"line":65,"column":15}},"loc":{"start":{"line":65,"column":20},"end":{"line":65,"column":36}},"line":65},"9":{"name":"carregarMarcas","decl":{"start":{"line":67,"column":13},"end":{"line":67,"column":27}},"loc":{"start":{"line":67,"column":30},"end":{"line":72,"column":5}},"line":67},"10":{"name":"(anonymous_10)","decl":{"start":{"line":70,"column":18},"end":{"line":70,"column":19}},"loc":{"start":{"line":70,"column":27},"end":{"line":70,"column":43}},"line":70},"11":{"name":"(anonymous_11)","decl":{"start":{"line":71,"column":21},"end":{"line":71,"column":22}},"loc":{"start":{"line":71,"column":27},"end":{"line":71,"column":47}},"line":71},"12":{"name":"(anonymous_12)","decl":{"start":{"line":77,"column":31},"end":{"line":77,"column":32}},"loc":{"start":{"line":77,"column":48},"end":{"line":77,"column":87}},"line":77},"13":{"name":"(anonymous_13)","decl":{"start":{"line":86,"column":29},"end":{"line":86,"column":30}},"loc":{"start":{"line":86,"column":35},"end":{"line":86,"column":44}},"line":86},"14":{"name":"(anonymous_14)","decl":{"start":{"line":94,"column":29},"end":{"line":94,"column":30}},"loc":{"start":{"line":94,"column":35},"end":{"line":94,"column":44}},"line":94},"15":{"name":"(anonymous_15)","decl":{"start":{"line":99,"column":83},"end":{"line":99,"column":84}},"loc":{"start":{"line":99,"column":89},"end":{"line":99,"column":120}},"line":99}},"branchMap":{},"s":{"0":1,"1":1,"2":0,"3":0,"4":0,"5":0,"6":0,"7":0,"8":0,"9":0,"10":0,"11":0,"12":0,"13":0,"14":0,"15":0,"16":0,"17":0,"18":0,"19":0,"20":0,"21":0,"22":0,"23":0,"24":0,"25":0,"26":0,"27":0,"28":0,"29":0,"30":0,"31":0},"f":{"0":0,"1":0,"2":0,"3":0,"4":0,"5":0,"6":0,"7":0,"8":0,"9":0,"10":0,"11":0,"12":0,"13":0,"14":0,"15":0},"b":{},"_coverageSchema":"1a1c01bbd47fc00a2c39e90264f33305004495a9","hash":"048663b5d87e4eb50024b107619094389ada916a"}
,"C:\\Caelum\\tw\\carango-bom\\src\\pages\\ListagemUsuarios.jsx": {"path":"C:\\Caelum\\tw\\carango-bom\\src\\pages\\ListagemUsuarios.jsx","statementMap":{"0":{"start":{"line":12,"column":16},"end":{"line":14,"column":1}},"1":{"start":{"line":16,"column":18},"end":{"line":29,"column":3}},"2":{"start":{"line":16,"column":36},"end":{"line":29,"column":1}},"3":{"start":{"line":32,"column":36},"end":{"line":32,"column":48}},"4":{"start":{"line":33,"column":56},"end":{"line":33,"column":66}},"5":{"start":{"line":34,"column":30},"end":{"line":34,"column":62}},"6":{"start":{"line":35,"column":20},"end":{"line":35,"column":31}},"7":{"start":{"line":36,"column":20},"end":{"line":36,"column":32}},"8":{"start":{"line":37,"column":40},"end":{"line":37,"column":55}},"9":{"start":{"line":38,"column":28},"end":{"line":38,"column":55}},"10":{"start":{"line":39,"column":30},"end":{"line":39,"column":59}},"11":{"start":{"line":41,"column":30},"end":{"line":43,"column":5}},"12":{"start":{"line":42,"column":8},"end":{"line":42,"column":29}},"13":{"start":{"line":46,"column":8},"end":{"line":46,"column":28}},"14":{"start":{"line":50,"column":8},"end":{"line":50,"column":29}},"15":{"start":{"line":51,"column":8},"end":{"line":51,"column":28}},"16":{"start":{"line":52,"column":8},"end":{"line":58,"column":49}},"17":{"start":{"line":54,"column":16},"end":{"line":54,"column":44}},"18":{"start":{"line":55,"column":16},"end":{"line":55,"column":35}},"19":{"start":{"line":56,"column":16},"end":{"line":56,"column":61}},"20":{"start":{"line":58,"column":27},"end":{"line":58,"column":47}},"21":{"start":{"line":63,"column":4},"end":{"line":63,"column":44}},"22":{"start":{"line":63,"column":20},"end":{"line":63,"column":38}},"23":{"start":{"line":66,"column":8},"end":{"line":66,"column":28}},"24":{"start":{"line":67,"column":8},"end":{"line":69,"column":49}},"25":{"start":{"line":68,"column":27},"end":{"line":68,"column":45}},"26":{"start":{"line":69,"column":27},"end":{"line":69,"column":47}},"27":{"start":{"line":72,"column":4},"end":{"line":101,"column":6}},"28":{"start":{"line":74,"column":47},"end":{"line":74,"column":71}},"29":{"start":{"line":75,"column":48},"end":{"line":75,"column":89}},"30":{"start":{"line":84,"column":35},"end":{"line":84,"column":44}},"31":{"start":{"line":89,"column":45},"end":{"line":89,"column":58}},"32":{"start":{"line":89,"column":140},"end":{"line":89,"column":173}}},"fnMap":{"0":{"name":"(anonymous_0)","decl":{"start":{"line":16,"column":29},"end":{"line":16,"column":30}},"loc":{"start":{"line":16,"column":36},"end":{"line":29,"column":1}},"line":16},"1":{"name":"ListagemUsuarios","decl":{"start":{"line":31,"column":9},"end":{"line":31,"column":25}},"loc":{"start":{"line":31,"column":28},"end":{"line":102,"column":1}},"line":31},"2":{"name":"(anonymous_2)","decl":{"start":{"line":41,"column":30},"end":{"line":41,"column":31}},"loc":{"start":{"line":41,"column":36},"end":{"line":43,"column":5}},"line":41},"3":{"name":"excluir","decl":{"start":{"line":45,"column":13},"end":{"line":45,"column":20}},"loc":{"start":{"line":45,"column":23},"end":{"line":47,"column":5}},"line":45},"4":{"name":"handleConfirmDialog","decl":{"start":{"line":49,"column":13},"end":{"line":49,"column":32}},"loc":{"start":{"line":49,"column":35},"end":{"line":59,"column":5}},"line":49},"5":{"name":"(anonymous_5)","decl":{"start":{"line":53,"column":18},"end":{"line":53,"column":19}},"loc":{"start":{"line":53,"column":24},"end":{"line":57,"column":13}},"line":53},"6":{"name":"(anonymous_6)","decl":{"start":{"line":58,"column":21},"end":{"line":58,"column":22}},"loc":{"start":{"line":58,"column":27},"end":{"line":58,"column":47}},"line":58},"7":{"name":"(anonymous_7)","decl":{"start":{"line":63,"column":14},"end":{"line":63,"column":15}},"loc":{"start":{"line":63,"column":20},"end":{"line":63,"column":38}},"line":63},"8":{"name":"carregarUsuarios","decl":{"start":{"line":65,"column":13},"end":{"line":65,"column":29}},"loc":{"start":{"line":65,"column":32},"end":{"line":70,"column":5}},"line":65},"9":{"name":"(anonymous_9)","decl":{"start":{"line":68,"column":18},"end":{"line":68,"column":19}},"loc":{"start":{"line":68,"column":27},"end":{"line":68,"column":45}},"line":68},"10":{"name":"(anonymous_10)","decl":{"start":{"line":69,"column":21},"end":{"line":69,"column":22}},"loc":{"start":{"line":69,"column":27},"end":{"line":69,"column":47}},"line":69},"11":{"name":"(anonymous_11)","decl":{"start":{"line":74,"column":41},"end":{"line":74,"column":42}},"loc":{"start":{"line":74,"column":47},"end":{"line":74,"column":71}},"line":74},"12":{"name":"(anonymous_12)","decl":{"start":{"line":75,"column":31},"end":{"line":75,"column":32}},"loc":{"start":{"line":75,"column":48},"end":{"line":75,"column":89}},"line":75},"13":{"name":"(anonymous_13)","decl":{"start":{"line":84,"column":29},"end":{"line":84,"column":30}},"loc":{"start":{"line":84,"column":35},"end":{"line":84,"column":44}},"line":84},"14":{"name":"(anonymous_14)","decl":{"start":{"line":89,"column":40},"end":{"line":89,"column":41}},"loc":{"start":{"line":89,"column":45},"end":{"line":89,"column":58}},"line":89},"15":{"name":"(anonymous_15)","decl":{"start":{"line":89,"column":134},"end":{"line":89,"column":135}},"loc":{"start":{"line":89,"column":140},"end":{"line":89,"column":173}},"line":89}},"branchMap":{"0":{"loc":{"start":{"line":89,"column":14},"end":{"line":91,"column":18}},"type":"binary-expr","locations":[{"start":{"line":89,"column":14},"end":{"line":89,"column":59}},{"start":{"line":89,"column":63},"end":{"line":91,"column":18}}],"line":89}},"s":{"0":1,"1":1,"2":0,"3":0,"4":0,"5":0,"6":0,"7":0,"8":0,"9":0,"10":0,"11":0,"12":0,"13":0,"14":0,"15":0,"16":0,"17":0,"18":0,"19":0,"20":0,"21":0,"22":0,"23":0,"24":0,"25":0,"26":0,"27":0,"28":0,"29":0,"30":0,"31":0,"32":0},"f":{"0":0,"1":0,"2":0,"3":0,"4":0,"5":0,"6":0,"7":0,"8":0,"9":0,"10":0,"11":0,"12":0,"13":0,"14":0,"15":0},"b":{"0":[0,0]},"_coverageSchema":"1a1c01bbd47fc00a2c39e90264f33305004495a9","hash":"a4e24d15dfe3c18d266747e0b0e233affce08397"}
,"C:\\Caelum\\tw\\carango-bom\\src\\pages\\ListagemVeiculos.jsx": {"path":"C:\\Caelum\\tw\\carango-bom\\src\\pages\\ListagemVeiculos.jsx","statementMap":{"0":{"start":{"line":12,"column":16},"end":{"line":17,"column":1}},"1":{"start":{"line":19,"column":18},"end":{"line":32,"column":3}},"2":{"start":{"line":19,"column":41},"end":{"line":32,"column":1}},"3":{"start":{"line":35,"column":36},"end":{"line":35,"column":48}},"4":{"start":{"line":36,"column":56},"end":{"line":36,"column":66}},"5":{"start":{"line":37,"column":20},"end":{"line":37,"column":31}},"6":{"start":{"line":38,"column":20},"end":{"line":38,"column":32}},"7":{"start":{"line":39,"column":40},"end":{"line":39,"column":61}},"8":{"start":{"line":40,"column":30},"end":{"line":40,"column":62}},"9":{"start":{"line":41,"column":28},"end":{"line":41,"column":55}},"10":{"start":{"line":42,"column":30},"end":{"line":42,"column":59}},"11":{"start":{"line":45,"column":8},"end":{"line":45,"column":68}},"12":{"start":{"line":48,"column":30},"end":{"line":50,"column":5}},"13":{"start":{"line":49,"column":8},"end":{"line":49,"column":29}},"14":{"start":{"line":53,"column":8},"end":{"line":53,"column":28}},"15":{"start":{"line":57,"column":8},"end":{"line":57,"column":29}},"16":{"start":{"line":58,"column":8},"end":{"line":58,"column":28}},"17":{"start":{"line":59,"column":8},"end":{"line":65,"column":49}},"18":{"start":{"line":61,"column":16},"end":{"line":61,"column":44}},"19":{"start":{"line":62,"column":16},"end":{"line":62,"column":35}},"20":{"start":{"line":63,"column":16},"end":{"line":63,"column":61}},"21":{"start":{"line":65,"column":27},"end":{"line":65,"column":47}},"22":{"start":{"line":70,"column":4},"end":{"line":70,"column":44}},"23":{"start":{"line":70,"column":20},"end":{"line":70,"column":38}},"24":{"start":{"line":73,"column":8},"end":{"line":73,"column":28}},"25":{"start":{"line":74,"column":8},"end":{"line":86,"column":49}},"26":{"start":{"line":76,"column":16},"end":{"line":84,"column":17}},"27":{"start":{"line":78,"column":24},"end":{"line":82,"column":25}},"28":{"start":{"line":86,"column":27},"end":{"line":86,"column":47}},"29":{"start":{"line":89,"column":4},"end":{"line":130,"column":6}},"30":{"start":{"line":92,"column":48},"end":{"line":92,"column":89}},"31":{"start":{"line":103,"column":43},"end":{"line":103,"column":52}},"32":{"start":{"line":111,"column":43},"end":{"line":111,"column":52}},"33":{"start":{"line":116,"column":97},"end":{"line":116,"column":130}}},"fnMap":{"0":{"name":"(anonymous_0)","decl":{"start":{"line":19,"column":29},"end":{"line":19,"column":30}},"loc":{"start":{"line":19,"column":41},"end":{"line":32,"column":1}},"line":19},"1":{"name":"ListagemVeiculos","decl":{"start":{"line":34,"column":9},"end":{"line":34,"column":25}},"loc":{"start":{"line":34,"column":28},"end":{"line":131,"column":1}},"line":34},"2":{"name":"alterar","decl":{"start":{"line":44,"column":13},"end":{"line":44,"column":20}},"loc":{"start":{"line":44,"column":23},"end":{"line":46,"column":5}},"line":44},"3":{"name":"(anonymous_3)","decl":{"start":{"line":48,"column":30},"end":{"line":48,"column":31}},"loc":{"start":{"line":48,"column":36},"end":{"line":50,"column":5}},"line":48},"4":{"name":"excluir","decl":{"start":{"line":52,"column":13},"end":{"line":52,"column":20}},"loc":{"start":{"line":52,"column":23},"end":{"line":54,"column":5}},"line":52},"5":{"name":"handleConfirmDialog","decl":{"start":{"line":56,"column":13},"end":{"line":56,"column":32}},"loc":{"start":{"line":56,"column":35},"end":{"line":66,"column":5}},"line":56},"6":{"name":"(anonymous_6)","decl":{"start":{"line":60,"column":18},"end":{"line":60,"column":19}},"loc":{"start":{"line":60,"column":24},"end":{"line":64,"column":13}},"line":60},"7":{"name":"(anonymous_7)","decl":{"start":{"line":65,"column":21},"end":{"line":65,"column":22}},"loc":{"start":{"line":65,"column":27},"end":{"line":65,"column":47}},"line":65},"8":{"name":"(anonymous_8)","decl":{"start":{"line":70,"column":14},"end":{"line":70,"column":15}},"loc":{"start":{"line":70,"column":20},"end":{"line":70,"column":38}},"line":70},"9":{"name":"carregarVeiculos","decl":{"start":{"line":72,"column":13},"end":{"line":72,"column":29}},"loc":{"start":{"line":72,"column":32},"end":{"line":87,"column":5}},"line":72},"10":{"name":"(anonymous_10)","decl":{"start":{"line":75,"column":18},"end":{"line":75,"column":19}},"loc":{"start":{"line":76,"column":16},"end":{"line":84,"column":17}},"line":76},"11":{"name":"(anonymous_11)","decl":{"start":{"line":77,"column":30},"end":{"line":77,"column":31}},"loc":{"start":{"line":78,"column":24},"end":{"line":82,"column":25}},"line":78},"12":{"name":"(anonymous_12)","decl":{"start":{"line":86,"column":21},"end":{"line":86,"column":22}},"loc":{"start":{"line":86,"column":27},"end":{"line":86,"column":47}},"line":86},"13":{"name":"(anonymous_13)","decl":{"start":{"line":92,"column":31},"end":{"line":92,"column":32}},"loc":{"start":{"line":92,"column":48},"end":{"line":92,"column":89}},"line":92},"14":{"name":"(anonymous_14)","decl":{"start":{"line":103,"column":37},"end":{"line":103,"column":38}},"loc":{"start":{"line":103,"column":43},"end":{"line":103,"column":52}},"line":103},"15":{"name":"(anonymous_15)","decl":{"start":{"line":111,"column":37},"end":{"line":111,"column":38}},"loc":{"start":{"line":111,"column":43},"end":{"line":111,"column":52}},"line":111},"16":{"name":"(anonymous_16)","decl":{"start":{"line":116,"column":91},"end":{"line":116,"column":92}},"loc":{"start":{"line":116,"column":97},"end":{"line":116,"column":130}},"line":116}},"branchMap":{"0":{"loc":{"start":{"line":95,"column":16},"end":{"line":119,"column":19}},"type":"binary-expr","locations":[{"start":{"line":95,"column":16},"end":{"line":95,"column":29}},{"start":{"line":96,"column":16},"end":{"line":119,"column":19}}],"line":95}},"s":{"0":1,"1":1,"2":0,"3":0,"4":0,"5":0,"6":0,"7":0,"8":0,"9":0,"10":0,"11":0,"12":0,"13":0,"14":0,"15":0,"16":0,"17":0,"18":0,"19":0,"20":0,"21":0,"22":0,"23":0,"24":0,"25":0,"26":0,"27":0,"28":0,"29":0,"30":0,"31":0,"32":0,"33":0},"f":{"0":0,"1":0,"2":0,"3":0,"4":0,"5":0,"6":0,"7":0,"8":0,"9":0,"10":0,"11":0,"12":0,"13":0,"14":0,"15":0,"16":0},"b":{"0":[0,0]},"_coverageSchema":"1a1c01bbd47fc00a2c39e90264f33305004495a9","hash":"751add3b9a106e3107b9e42cea3cb76002d0d27b"}
,"C:\\Caelum\\tw\\carango-bom\\src\\pages\\Login.jsx": {"path":"C:\\Caelum\\tw\\carango-bom\\src\\pages\\Login.jsx","statementMap":{"0":{"start":{"line":11,"column":34},"end":{"line":11,"column":46}},"1":{"start":{"line":12,"column":30},"end":{"line":12,"column":42}},"2":{"start":{"line":14,"column":33},"end":{"line":14,"column":65}},"3":{"start":{"line":15,"column":28},"end":{"line":15,"column":55}},"4":{"start":{"line":16,"column":30},"end":{"line":16,"column":59}},"5":{"start":{"line":18,"column":20},"end":{"line":18,"column":32}},"6":{"start":{"line":20,"column":4},"end":{"line":71,"column":6}},"7":{"start":{"line":22,"column":12},"end":{"line":22,"column":35}},"8":{"start":{"line":23,"column":12},"end":{"line":23,"column":32}},"9":{"start":{"line":24,"column":12},"end":{"line":30,"column":53}},"10":{"start":{"line":26,"column":20},"end":{"line":26,"column":52}},"11":{"start":{"line":27,"column":20},"end":{"line":27,"column":38}},"12":{"start":{"line":29,"column":29},"end":{"line":29,"column":71}},"13":{"start":{"line":30,"column":31},"end":{"line":30,"column":51}},"14":{"start":{"line":34,"column":33},"end":{"line":34,"column":61}},"15":{"start":{"line":46,"column":33},"end":{"line":46,"column":59}}},"fnMap":{"0":{"name":"Login","decl":{"start":{"line":9,"column":9},"end":{"line":9,"column":14}},"loc":{"start":{"line":9,"column":17},"end":{"line":72,"column":1}},"line":9},"1":{"name":"(anonymous_1)","decl":{"start":{"line":21,"column":24},"end":{"line":21,"column":25}},"loc":{"start":{"line":21,"column":35},"end":{"line":31,"column":9}},"line":21},"2":{"name":"(anonymous_2)","decl":{"start":{"line":25,"column":22},"end":{"line":25,"column":23}},"loc":{"start":{"line":25,"column":41},"end":{"line":28,"column":17}},"line":25},"3":{"name":"(anonymous_3)","decl":{"start":{"line":29,"column":23},"end":{"line":29,"column":24}},"loc":{"start":{"line":29,"column":29},"end":{"line":29,"column":71}},"line":29},"4":{"name":"(anonymous_4)","decl":{"start":{"line":30,"column":25},"end":{"line":30,"column":26}},"loc":{"start":{"line":30,"column":31},"end":{"line":30,"column":51}},"line":30},"5":{"name":"(anonymous_5)","decl":{"start":{"line":34,"column":26},"end":{"line":34,"column":27}},"loc":{"start":{"line":34,"column":33},"end":{"line":34,"column":61}},"line":34},"6":{"name":"(anonymous_6)","decl":{"start":{"line":46,"column":26},"end":{"line":46,"column":27}},"loc":{"start":{"line":46,"column":33},"end":{"line":46,"column":59}},"line":46}},"branchMap":{},"s":{"0":0,"1":0,"2":0,"3":0,"4":0,"5":0,"6":0,"7":0,"8":0,"9":0,"10":0,"11":0,"12":0,"13":0,"14":0,"15":0},"f":{"0":0,"1":0,"2":0,"3":0,"4":0,"5":0,"6":0},"b":{},"_coverageSchema":"1a1c01bbd47fc00a2c39e90264f33305004495a9","hash":"9bcd74d4aecc62ef34b92f14e454ab5abc93d893"}
,"C:\\Caelum\\tw\\carango-bom\\src\\pages\\Pagina404.jsx": {"path":"C:\\Caelum\\tw\\carango-bom\\src\\pages\\Pagina404.jsx","statementMap":{"0":{"start":{"line":6,"column":4},"end":{"line":8,"column":6}}},"fnMap":{"0":{"name":"Pagina404","decl":{"start":{"line":4,"column":9},"end":{"line":4,"column":18}},"loc":{"start":{"line":4,"column":21},"end":{"line":9,"column":1}},"line":4}},"branchMap":{},"s":{"0":0},"f":{"0":0},"b":{},"_coverageSchema":"1a1c01bbd47fc00a2c39e90264f33305004495a9","hash":"ebfa5b6d8f5b856274b85079b61eb99556ae2d0b"}
,"C:\\Caelum\\tw\\carango-bom\\src\\services\\DashboardService.js": {"path":"C:\\Caelum\\tw\\carango-bom\\src\\services\\DashboardService.js","statementMap":{"0":{"start":{"line":3,"column":25},"end":{"line":14,"column":1}},"1":{"start":{"line":5,"column":4},"end":{"line":12,"column":6}}},"fnMap":{"0":{"name":"(anonymous_0)","decl":{"start":{"line":4,"column":2},"end":{"line":4,"column":3}},"loc":{"start":{"line":4,"column":11},"end":{"line":13,"column":3}},"line":4}},"branchMap":{},"s":{"0":1,"1":0},"f":{"0":0},"b":{},"_coverageSchema":"1a1c01bbd47fc00a2c39e90264f33305004495a9","hash":"3b5b7d712b7cbae4e8b9f3e28ff9a935dd1cdf9f"}
,"C:\\Caelum\\tw\\carango-bom\\src\\services\\MarcaService.js": {"path":"C:\\Caelum\\tw\\carango-bom\\src\\services\\MarcaService.js","statementMap":{"0":{"start":{"line":3,"column":21},"end":{"line":63,"column":1}},"1":{"start":{"line":5,"column":4},"end":{"line":14,"column":6}},"2":{"start":{"line":18,"column":4},"end":{"line":27,"column":6}},"3":{"start":{"line":31,"column":4},"end":{"line":38,"column":6}},"4":{"start":{"line":42,"column":4},"end":{"line":49,"column":6}},"5":{"start":{"line":53,"column":4},"end":{"line":61,"column":6}}},"fnMap":{"0":{"name":"(anonymous_0)","decl":{"start":{"line":4,"column":2},"end":{"line":4,"column":3}},"loc":{"start":{"line":4,"column":19},"end":{"line":15,"column":3}},"line":4},"1":{"name":"(anonymous_1)","decl":{"start":{"line":17,"column":2},"end":{"line":17,"column":3}},"loc":{"start":{"line":17,"column":17},"end":{"line":28,"column":3}},"line":17},"2":{"name":"(anonymous_2)","decl":{"start":{"line":30,"column":2},"end":{"line":30,"column":3}},"loc":{"start":{"line":30,"column":16},"end":{"line":39,"column":3}},"line":30},"3":{"name":"(anonymous_3)","decl":{"start":{"line":41,"column":2},"end":{"line":41,"column":3}},"loc":{"start":{"line":41,"column":11},"end":{"line":50,"column":3}},"line":41},"4":{"name":"(anonymous_4)","decl":{"start":{"line":52,"column":2},"end":{"line":52,"column":3}},"loc":{"start":{"line":52,"column":17},"end":{"line":62,"column":3}},"line":52}},"branchMap":{},"s":{"0":1,"1":0,"2":0,"3":0,"4":0,"5":0},"f":{"0":0,"1":0,"2":0,"3":0,"4":0},"b":{},"_coverageSchema":"1a1c01bbd47fc00a2c39e90264f33305004495a9","hash":"dfd7de4dddc35323177a74e368883019c49b95be"}
,"C:\\Caelum\\tw\\carango-bom\\src\\services\\PageTitleService.js": {"path":"C:\\Caelum\\tw\\carango-bom\\src\\services\\PageTitleService.js","statementMap":{"0":{"start":{"line":2,"column":15},"end":{"line":12,"column":38}},"1":{"start":{"line":12,"column":16},"end":{"line":12,"column":37}},"2":{"start":{"line":14,"column":4},"end":{"line":14,"column":53}}},"fnMap":{"0":{"name":"getPageTitle","decl":{"start":{"line":1,"column":9},"end":{"line":1,"column":21}},"loc":{"start":{"line":1,"column":28},"end":{"line":15,"column":1}},"line":1},"1":{"name":"(anonymous_1)","decl":{"start":{"line":12,"column":11},"end":{"line":12,"column":12}},"loc":{"start":{"line":12,"column":16},"end":{"line":12,"column":37}},"line":12}},"branchMap":{"0":{"loc":{"start":{"line":14,"column":11},"end":{"line":14,"column":52}},"type":"cond-expr","locations":[{"start":{"line":14,"column":16},"end":{"line":14,"column":21}},{"start":{"line":14,"column":25},"end":{"line":14,"column":51}}],"line":14}},"s":{"0":81,"1":430,"2":81},"f":{"0":81,"1":430},"b":{"0":[81,0]},"_coverageSchema":"1a1c01bbd47fc00a2c39e90264f33305004495a9","hash":"93dfdf0833412dd8b6f098dd3bc236f47c5bf813"}
,"C:\\Caelum\\tw\\carango-bom\\src\\services\\ServiceUtils.js": {"path":"C:\\Caelum\\tw\\carango-bom\\src\\services\\ServiceUtils.js","statementMap":{"0":{"start":{"line":1,"column":21},"end":{"line":42,"column":1}},"1":{"start":{"line":4,"column":8},"end":{"line":26,"column":11}},"2":{"start":{"line":5,"column":12},"end":{"line":25,"column":14}},"3":{"start":{"line":6,"column":16},"end":{"line":24,"column":17}},"4":{"start":{"line":7,"column":20},"end":{"line":11,"column":21}},"5":{"start":{"line":8,"column":24},"end":{"line":8,"column":34}},"6":{"start":{"line":10,"column":24},"end":{"line":10,"column":49}},"7":{"start":{"line":13,"column":20},"end":{"line":23,"column":51}},"8":{"start":{"line":15,"column":28},"end":{"line":21,"column":29}},"9":{"start":{"line":16,"column":32},"end":{"line":16,"column":51}},"10":{"start":{"line":17,"column":35},"end":{"line":21,"column":29}},"11":{"start":{"line":18,"column":32},"end":{"line":18,"column":51}},"12":{"start":{"line":20,"column":32},"end":{"line":20,"column":45}},"13":{"start":{"line":23,"column":38},"end":{"line":23,"column":49}},"14":{"start":{"line":30,"column":8},"end":{"line":35,"column":9}},"15":{"start":{"line":32,"column":12},"end":{"line":32,"column":59}},"16":{"start":{"line":34,"column":12},"end":{"line":34,"column":59}},"17":{"start":{"line":39,"column":34},"end":{"line":39,"column":87}},"18":{"start":{"line":40,"column":8},"end":{"line":40,"column":39}}},"fnMap":{"0":{"name":"(anonymous_0)","decl":{"start":{"line":3,"column":4},"end":{"line":3,"column":5}},"loc":{"start":{"line":3,"column":25},"end":{"line":27,"column":5}},"line":3},"1":{"name":"(anonymous_1)","decl":{"start":{"line":4,"column":27},"end":{"line":4,"column":28}},"loc":{"start":{"line":4,"column":48},"end":{"line":26,"column":9}},"line":4},"2":{"name":"(anonymous_2)","decl":{"start":{"line":5,"column":22},"end":{"line":5,"column":23}},"loc":{"start":{"line":5,"column":36},"end":{"line":25,"column":13}},"line":5},"3":{"name":"(anonymous_3)","decl":{"start":{"line":14,"column":30},"end":{"line":14,"column":31}},"loc":{"start":{"line":14,"column":40},"end":{"line":22,"column":25}},"line":14},"4":{"name":"(anonymous_4)","decl":{"start":{"line":23,"column":31},"end":{"line":23,"column":32}},"loc":{"start":{"line":23,"column":38},"end":{"line":23,"column":49}},"line":23},"5":{"name":"(anonymous_5)","decl":{"start":{"line":29,"column":4},"end":{"line":29,"column":5}},"loc":{"start":{"line":29,"column":17},"end":{"line":36,"column":5}},"line":29},"6":{"name":"(anonymous_6)","decl":{"start":{"line":38,"column":4},"end":{"line":38,"column":5}},"loc":{"start":{"line":38,"column":13},"end":{"line":41,"column":5}},"line":38}},"branchMap":{"0":{"loc":{"start":{"line":6,"column":16},"end":{"line":24,"column":17}},"type":"if","locations":[{"start":{"line":6,"column":16},"end":{"line":24,"column":17}},{"start":{"line":6,"column":16},"end":{"line":24,"column":17}}],"line":6},"1":{"loc":{"start":{"line":7,"column":20},"end":{"line":11,"column":21}},"type":"if","locations":[{"start":{"line":7,"column":20},"end":{"line":11,"column":21}},{"start":{"line":7,"column":20},"end":{"line":11,"column":21}}],"line":7},"2":{"loc":{"start":{"line":15,"column":28},"end":{"line":21,"column":29}},"type":"if","locations":[{"start":{"line":15,"column":28},"end":{"line":21,"column":29}},{"start":{"line":15,"column":28},"end":{"line":21,"column":29}}],"line":15},"3":{"loc":{"start":{"line":17,"column":35},"end":{"line":21,"column":29}},"type":"if","locations":[{"start":{"line":17,"column":35},"end":{"line":21,"column":29}},{"start":{"line":17,"column":35},"end":{"line":21,"column":29}}],"line":17},"4":{"loc":{"start":{"line":30,"column":8},"end":{"line":35,"column":9}},"type":"if","locations":[{"start":{"line":30,"column":8},"end":{"line":35,"column":9}},{"start":{"line":30,"column":8},"end":{"line":35,"column":9}}],"line":30}},"s":{"0":5,"1":5,"2":5,"3":5,"4":2,"5":1,"6":1,"7":3,"8":3,"9":1,"10":2,"11":1,"12":1,"13":0,"14":1,"15":0,"16":1,"17":1,"18":1},"f":{"0":5,"1":5,"2":5,"3":3,"4":0,"5":1,"6":1},"b":{"0":[2,3],"1":[1,1],"2":[1,2],"3":[1,1],"4":[0,1]},"_coverageSchema":"1a1c01bbd47fc00a2c39e90264f33305004495a9","hash":"de9b2df728248c04b19bcf96972a5dba08a325af"}
,"C:\\Caelum\\tw\\carango-bom\\src\\services\\UsuarioService.js": {"path":"C:\\Caelum\\tw\\carango-bom\\src\\services\\UsuarioService.js","statementMap":{"0":{"start":{"line":3,"column":23},"end":{"line":52,"column":1}},"1":{"start":{"line":5,"column":4},"end":{"line":16,"column":7}},"2":{"start":{"line":14,"column":6},"end":{"line":14,"column":83}},"3":{"start":{"line":15,"column":6},"end":{"line":15,"column":39}},"4":{"start":{"line":20,"column":4},"end":{"line":29,"column":6}},"5":{"start":{"line":33,"column":4},"end":{"line":39,"column":6}},"6":{"start":{"line":43,"column":4},"end":{"line":50,"column":6}}},"fnMap":{"0":{"name":"(anonymous_0)","decl":{"start":{"line":4,"column":2},"end":{"line":4,"column":3}},"loc":{"start":{"line":4,"column":28},"end":{"line":17,"column":3}},"line":4},"1":{"name":"(anonymous_1)","decl":{"start":{"line":13,"column":11},"end":{"line":13,"column":12}},"loc":{"start":{"line":13,"column":32},"end":{"line":16,"column":5}},"line":13},"2":{"name":"(anonymous_2)","decl":{"start":{"line":19,"column":2},"end":{"line":19,"column":3}},"loc":{"start":{"line":19,"column":32},"end":{"line":30,"column":3}},"line":19},"3":{"name":"(anonymous_3)","decl":{"start":{"line":32,"column":2},"end":{"line":32,"column":3}},"loc":{"start":{"line":32,"column":11},"end":{"line":40,"column":3}},"line":32},"4":{"name":"(anonymous_4)","decl":{"start":{"line":42,"column":2},"end":{"line":42,"column":3}},"loc":{"start":{"line":42,"column":19},"end":{"line":51,"column":3}},"line":42}},"branchMap":{},"s":{"0":3,"1":0,"2":0,"3":0,"4":0,"5":0,"6":0},"f":{"0":0,"1":0,"2":0,"3":0,"4":0},"b":{},"_coverageSchema":"1a1c01bbd47fc00a2c39e90264f33305004495a9","hash":"673bced3fd0f09bec63784cfc14f1b872b92e765"}
,"C:\\Caelum\\tw\\carango-bom\\src\\services\\VeiculoService.js": {"path":"C:\\Caelum\\tw\\carango-bom\\src\\services\\VeiculoService.js","statementMap":{"0":{"start":{"line":3,"column":23},"end":{"line":60,"column":1}},"1":{"start":{"line":5,"column":4},"end":{"line":9,"column":7}},"2":{"start":{"line":13,"column":4},"end":{"line":22,"column":6}},"3":{"start":{"line":26,"column":4},"end":{"line":35,"column":6}},"4":{"start":{"line":39,"column":4},"end":{"line":41,"column":6}},"5":{"start":{"line":45,"column":4},"end":{"line":47,"column":6}},"6":{"start":{"line":51,"column":4},"end":{"line":58,"column":6}}},"fnMap":{"0":{"name":"(anonymous_0)","decl":{"start":{"line":4,"column":2},"end":{"line":4,"column":3}},"loc":{"start":{"line":4,"column":14},"end":{"line":10,"column":3}},"line":4},"1":{"name":"(anonymous_1)","decl":{"start":{"line":12,"column":2},"end":{"line":12,"column":3}},"loc":{"start":{"line":12,"column":21},"end":{"line":23,"column":3}},"line":12},"2":{"name":"(anonymous_2)","decl":{"start":{"line":25,"column":2},"end":{"line":25,"column":3}},"loc":{"start":{"line":25,"column":19},"end":{"line":36,"column":3}},"line":25},"3":{"name":"(anonymous_3)","decl":{"start":{"line":38,"column":2},"end":{"line":38,"column":3}},"loc":{"start":{"line":38,"column":16},"end":{"line":42,"column":3}},"line":38},"4":{"name":"(anonymous_4)","decl":{"start":{"line":44,"column":2},"end":{"line":44,"column":3}},"loc":{"start":{"line":44,"column":11},"end":{"line":48,"column":3}},"line":44},"5":{"name":"(anonymous_5)","decl":{"start":{"line":50,"column":2},"end":{"line":50,"column":3}},"loc":{"start":{"line":50,"column":19},"end":{"line":59,"column":3}},"line":50}},"branchMap":{},"s":{"0":3,"1":1,"2":1,"3":1,"4":1,"5":1,"6":1},"f":{"0":1,"1":1,"2":1,"3":1,"4":1,"5":1},"b":{},"_coverageSchema":"1a1c01bbd47fc00a2c39e90264f33305004495a9","hash":"4315d50d262bb2ff21f3a0926407cdd779e50464"}
}
