TN:
SF:src\App.js
FN:32,(anonymous_0)
FN:49,Spinner
FN:61,PrivateRoute
FN:63,(anonymous_3)
FN:71,App
FN:79,(anonymous_5)
FNF:6
FNH:6
FNDA:10,(anonymous_0)
FNDA:8,Spinner
FNDA:3,PrivateRoute
FNDA:3,(anonymous_3)
FNDA:8,App
FNDA:5,(anonymous_5)
DA:24,1
DA:32,10
DA:50,8
DA:52,8
DA:54,8
DA:62,3
DA:64,3
DA:73,8
DA:74,8
DA:75,8
DA:77,8
DA:79,8
DA:80,5
DA:81,5
DA:82,3
DA:86,8
LF:16
LH:16
BRDA:64,0,0,2
BRDA:64,0,1,1
BRDA:81,1,0,3
BRDA:81,1,1,2
BRF:4
BRH:4
end_of_record
TN:
SF:src\Constants.js
FNF:0
FNH:0
DA:1,2
LF:1
LH:1
BRF:0
BRH:0
end_of_record
TN:
SF:src\index.js
FNF:0
FNH:0
DA:9,0
DA:19,0
LF:2
LH:0
BRF:0
BRH:0
end_of_record
TN:
SF:src\reportWebVitals.js
FN:1,(anonymous_0)
FN:3,(anonymous_1)
FNF:2
FNH:0
FNDA:0,(anonymous_0)
FNDA:0,(anonymous_1)
DA:1,0
DA:2,0
DA:3,0
DA:4,0
DA:5,0
DA:6,0
DA:7,0
DA:8,0
LF:8
LH:0
BRDA:2,0,0,0
BRDA:2,0,1,0
BRDA:2,1,0,0
BRDA:2,1,1,0
BRF:4
BRH:0
end_of_record
TN:
SF:src\components\Confirmacao.jsx
FN:4,Confirmacao
FNF:1
FNH:1
FNDA:1,Confirmacao
DA:5,1
LF:1
LH:1
BRF:0
BRH:0
end_of_record
TN:
SF:src\components\Menu.jsx
FN:10,(anonymous_0)
FN:36,Menu
FN:43,logoff
FN:80,(anonymous_3)
FN:90,(anonymous_4)
FNF:5
FNH:5
FNDA:7,(anonymous_0)
FNDA:12,Menu
FNDA:1,logoff
FNDA:18,(anonymous_3)
FNDA:1,(anonymous_4)
DA:10,7
DA:28,2
DA:37,12
DA:39,12
DA:40,12
DA:41,12
DA:44,1
DA:45,1
DA:46,1
DA:49,12
DA:81,18
DA:90,1
LF:12
LH:12
BRDA:61,0,0,12
BRDA:61,0,1,6
BRDA:66,1,0,12
BRDA:66,1,1,6
BRDA:76,2,0,12
BRDA:76,2,1,6
BRDA:88,3,0,12
BRDA:88,3,1,6
BRF:8
BRH:8
end_of_record
TN:
SF:src\components\Message.jsx
FN:7,Message
FN:12,(anonymous_1)
FN:18,(anonymous_2)
FN:27,(anonymous_3)
FNF:4
FNH:4
FNDA:15,Message
FNDA:8,(anonymous_1)
FNDA:1,(anonymous_2)
FNDA:2,(anonymous_3)
DA:8,15
DA:10,15
DA:12,15
DA:13,8
DA:14,3
DA:18,15
DA:19,1
DA:20,1
DA:25,15
DA:26,7
DA:27,2
DA:29,5
DA:33,15
LF:13
LH:13
BRDA:13,0,0,3
BRDA:13,0,1,5
BRDA:25,1,0,7
BRDA:25,1,1,8
BRDA:26,2,0,2
BRDA:26,2,1,5
BRDA:27,3,0,0
BRDA:27,3,1,2
BRF:8
BRH:7
end_of_record
TN:
SF:src\components\Topbar.jsx
FN:7,(anonymous_0)
FN:31,Topbar
FNF:2
FNH:2
FNDA:5,(anonymous_0)
FNDA:9,Topbar
DA:7,5
DA:32,9
DA:34,9
DA:36,9
DA:38,9
LF:5
LH:5
BRDA:41,0,0,9
BRDA:41,0,1,0
BRF:2
BRH:1
end_of_record
TN:
SF:src\contexts\CarregandoContext.js
FNF:0
FNH:0
DA:3,4
LF:1
LH:1
BRF:0
BRH:0
end_of_record
TN:
SF:src\contexts\MensagemContext.js
FNF:0
FNH:0
DA:3,5
LF:1
LH:1
BRF:0
BRH:0
end_of_record
TN:
SF:src\contexts\UsuarioLogadoContext.js
FNF:0
FNH:0
DA:3,5
LF:1
LH:1
BRF:0
BRH:0
end_of_record
TN:
SF:src\hooks\useErros.js
FN:3,useErros
FN:9,validarCampos
FN:16,possoEnviar
FN:29,criarEstadoInicial
FNF:4
FNH:0
FNDA:0,useErros
FNDA:0,validarCampos
FNDA:0,possoEnviar
FNDA:0,criarEstadoInicial
DA:5,0
DA:7,0
DA:10,0
DA:11,0
DA:12,0
DA:13,0
DA:17,0
DA:18,0
DA:19,0
DA:23,0
DA:26,0
DA:30,0
DA:31,0
DA:32,0
DA:35,0
LF:15
LH:0
BRDA:18,0,0,0
BRDA:18,0,1,0
BRF:2
BRH:0
end_of_record
TN:
SF:src\pages\CadastroMarca.jsx
FN:9,CadastroMarca
FN:21,(anonymous_1)
FN:32,cancelar
FN:37,(anonymous_3)
FN:41,(anonymous_4)
FN:42,(anonymous_5)
FN:43,(anonymous_6)
FN:48,(anonymous_7)
FN:54,(anonymous_8)
FN:58,(anonymous_9)
FN:59,(anonymous_10)
FN:62,(anonymous_11)
FN:67,(anonymous_12)
FN:68,(anonymous_13)
FN:76,(anonymous_14)
FNF:15
FNH:0
FNDA:0,CadastroMarca
FNDA:0,(anonymous_1)
FNDA:0,cancelar
FNDA:0,(anonymous_3)
FNDA:0,(anonymous_4)
FNDA:0,(anonymous_5)
FNDA:0,(anonymous_6)
FNDA:0,(anonymous_7)
FNDA:0,(anonymous_8)
FNDA:0,(anonymous_9)
FNDA:0,(anonymous_10)
FNDA:0,(anonymous_11)
FNDA:0,(anonymous_12)
FNDA:0,(anonymous_13)
FNDA:0,(anonymous_14)
DA:11,0
DA:13,0
DA:15,0
DA:17,0
DA:18,0
DA:20,0
DA:22,0
DA:23,0
DA:25,0
DA:30,0
DA:33,0
DA:37,0
DA:38,0
DA:39,0
DA:40,0
DA:41,0
DA:42,0
DA:43,0
DA:47,0
DA:49,0
DA:50,0
DA:51,0
DA:52,0
DA:53,0
DA:55,0
DA:56,0
DA:58,0
DA:59,0
DA:61,0
DA:63,0
DA:64,0
DA:65,0
DA:67,0
DA:68,0
DA:71,0
DA:76,0
LF:36
LH:0
BRDA:22,0,0,0
BRDA:22,0,1,0
BRDA:22,1,0,0
BRDA:22,1,1,0
BRDA:38,2,0,0
BRDA:38,2,1,0
BRDA:50,3,0,0
BRDA:50,3,1,0
BRDA:52,4,0,0
BRDA:52,4,1,0
BRDA:95,5,0,0
BRDA:95,5,1,0
BRF:12
BRH:0
end_of_record
TN:
SF:src\pages\CadastroUsuario.jsx
FN:9,CadastroUsuario
FN:19,(anonymous_1)
FN:26,(anonymous_2)
FN:33,(anonymous_3)
FN:46,cancelar
FN:51,(anonymous_5)
FN:56,(anonymous_6)
FN:60,(anonymous_7)
FN:61,(anonymous_8)
FN:68,(anonymous_9)
FN:84,(anonymous_10)
FN:100,(anonymous_11)
FNF:12
FNH:0
FNDA:0,CadastroUsuario
FNDA:0,(anonymous_1)
FNDA:0,(anonymous_2)
FNDA:0,(anonymous_3)
FNDA:0,cancelar
FNDA:0,(anonymous_5)
FNDA:0,(anonymous_6)
FNDA:0,(anonymous_7)
FNDA:0,(anonymous_8)
FNDA:0,(anonymous_9)
FNDA:0,(anonymous_10)
FNDA:0,(anonymous_11)
DA:11,0
DA:12,0
DA:13,0
DA:14,0
DA:16,0
DA:18,0
DA:20,0
DA:21,0
DA:23,0
DA:27,0
DA:28,0
DA:30,0
DA:34,0
DA:35,0
DA:37,0
DA:42,0
DA:44,0
DA:47,0
DA:50,0
DA:52,0
DA:53,0
DA:54,0
DA:55,0
DA:57,0
DA:58,0
DA:60,0
DA:61,0
DA:63,0
DA:68,0
DA:84,0
DA:100,0
LF:31
LH:0
BRDA:20,0,0,0
BRDA:20,0,1,0
BRDA:20,1,0,0
BRDA:20,1,1,0
BRDA:27,2,0,0
BRDA:27,2,1,0
BRDA:27,3,0,0
BRDA:27,3,1,0
BRDA:34,4,0,0
BRDA:34,4,1,0
BRDA:34,5,0,0
BRDA:34,5,1,0
BRDA:53,6,0,0
BRDA:53,6,1,0
BRF:14
BRH:0
end_of_record
TN:
SF:src\pages\CadastroVeiculo.jsx
FN:10,(anonymous_0)
FN:20,CadastroVeiculo
FN:36,(anonymous_2)
FN:43,(anonymous_3)
FN:50,(anonymous_4)
FN:58,(anonymous_5)
FN:68,(anonymous_6)
FN:72,(anonymous_7)
FN:78,(anonymous_8)
FN:79,(anonymous_9)
FN:84,(anonymous_10)
FN:85,(anonymous_11)
FN:90,cancelar
FN:95,(anonymous_13)
FN:101,(anonymous_14)
FN:105,(anonymous_15)
FN:106,(anonymous_16)
FN:109,(anonymous_17)
FN:117,(anonymous_18)
FN:118,(anonymous_19)
FN:130,(anonymous_20)
FN:132,(anonymous_21)
FN:138,(anonymous_22)
FN:154,(anonymous_23)
FN:170,(anonymous_24)
FNF:25
FNH:0
FNDA:0,(anonymous_0)
FNDA:0,CadastroVeiculo
FNDA:0,(anonymous_2)
FNDA:0,(anonymous_3)
FNDA:0,(anonymous_4)
FNDA:0,(anonymous_5)
FNDA:0,(anonymous_6)
FNDA:0,(anonymous_7)
FNDA:0,(anonymous_8)
FNDA:0,(anonymous_9)
FNDA:0,(anonymous_10)
FNDA:0,(anonymous_11)
FNDA:0,cancelar
FNDA:0,(anonymous_13)
FNDA:0,(anonymous_14)
FNDA:0,(anonymous_15)
FNDA:0,(anonymous_16)
FNDA:0,(anonymous_17)
FNDA:0,(anonymous_18)
FNDA:0,(anonymous_19)
FNDA:0,(anonymous_20)
FNDA:0,(anonymous_21)
FNDA:0,(anonymous_22)
FNDA:0,(anonymous_23)
FNDA:0,(anonymous_24)
DA:10,1
DA:21,0
DA:22,0
DA:23,0
DA:24,0
DA:25,0
DA:26,0
DA:27,0
DA:29,0
DA:31,0
DA:33,0
DA:35,0
DA:37,0
DA:38,0
DA:40,0
DA:44,0
DA:45,0
DA:47,0
DA:51,0
DA:52,0
DA:53,0
DA:55,0
DA:59,0
DA:60,0
DA:62,0
DA:68,0
DA:69,0
DA:70,0
DA:71,0
DA:73,0
DA:74,0
DA:75,0
DA:76,0
DA:78,0
DA:79,0
DA:82,0
DA:83,0
DA:84,0
DA:85,0
DA:88,0
DA:91,0
DA:94,0
DA:96,0
DA:97,0
DA:98,0
DA:99,0
DA:100,0
DA:102,0
DA:103,0
DA:105,0
DA:106,0
DA:108,0
DA:110,0
DA:111,0
DA:112,0
DA:113,0
DA:114,0
DA:115,0
DA:117,0
DA:118,0
DA:121,0
DA:130,0
DA:132,0
DA:138,0
DA:154,0
DA:170,0
LF:66
LH:1
BRDA:37,0,0,0
BRDA:37,0,1,0
BRDA:44,1,0,0
BRDA:44,1,1,0
BRDA:44,2,0,0
BRDA:44,2,1,0
BRDA:52,3,0,0
BRDA:52,3,1,0
BRDA:52,4,0,0
BRDA:52,4,1,0
BRDA:52,4,2,0
BRDA:59,5,0,0
BRDA:59,5,1,0
BRDA:59,6,0,0
BRDA:59,6,1,0
BRDA:69,7,0,0
BRDA:69,7,1,0
BRDA:97,8,0,0
BRDA:97,8,1,0
BRDA:99,9,0,0
BRDA:99,9,1,0
BRDA:132,10,0,0
BRDA:132,10,1,0
BRDA:190,11,0,0
BRDA:190,11,1,0
BRF:25
BRH:0
end_of_record
TN:
SF:src\pages\Dashboard.jsx
FN:14,Dashboard
FN:19,(anonymous_1)
FN:21,(anonymous_2)
FN:22,(anonymous_3)
FN:32,(anonymous_4)
FNF:5
FNH:0
FNDA:0,Dashboard
FNDA:0,(anonymous_1)
FNDA:0,(anonymous_2)
FNDA:0,(anonymous_3)
FNDA:0,(anonymous_4)
DA:5,1
DA:15,0
DA:17,0
DA:19,0
DA:20,0
DA:22,0
DA:23,0
DA:31,0
DA:33,0
LF:9
LH:1
BRF:0
BRH:0
end_of_record
TN:
SF:src\pages\ListagemMarcas.jsx
FN:15,(anonymous_0)
FN:30,ListagemMarcas
FN:39,alterar
FN:43,(anonymous_3)
FN:47,excluir
FN:51,handleConfirmDialog
FN:55,(anonymous_6)
FN:60,(anonymous_7)
FN:65,(anonymous_8)
FN:67,carregarMarcas
FN:70,(anonymous_10)
FN:71,(anonymous_11)
FN:77,(anonymous_12)
FN:86,(anonymous_13)
FN:94,(anonymous_14)
FN:99,(anonymous_15)
FNF:16
FNH:0
FNDA:0,(anonymous_0)
FNDA:0,ListagemMarcas
FNDA:0,alterar
FNDA:0,(anonymous_3)
FNDA:0,excluir
FNDA:0,handleConfirmDialog
FNDA:0,(anonymous_6)
FNDA:0,(anonymous_7)
FNDA:0,(anonymous_8)
FNDA:0,carregarMarcas
FNDA:0,(anonymous_10)
FNDA:0,(anonymous_11)
FNDA:0,(anonymous_12)
FNDA:0,(anonymous_13)
FNDA:0,(anonymous_14)
FNDA:0,(anonymous_15)
DA:11,1
DA:15,1
DA:31,0
DA:32,0
DA:33,0
DA:34,0
DA:35,0
DA:36,0
DA:37,0
DA:40,0
DA:43,0
DA:44,0
DA:48,0
DA:52,0
DA:53,0
DA:54,0
DA:56,0
DA:57,0
DA:58,0
DA:60,0
DA:65,0
DA:68,0
DA:69,0
DA:70,0
DA:71,0
DA:74,0
DA:77,0
DA:86,0
DA:94,0
DA:99,0
LF:30
LH:2
BRF:0
BRH:0
end_of_record
TN:
SF:src\pages\ListagemUsuarios.jsx
FN:16,(anonymous_0)
FN:31,ListagemUsuarios
FN:41,(anonymous_2)
FN:45,excluir
FN:49,handleConfirmDialog
FN:53,(anonymous_5)
FN:58,(anonymous_6)
FN:63,(anonymous_7)
FN:65,carregarUsuarios
FN:68,(anonymous_9)
FN:69,(anonymous_10)
FN:74,(anonymous_11)
FN:75,(anonymous_12)
FN:84,(anonymous_13)
FN:89,(anonymous_14)
FN:89,(anonymous_15)
FNF:16
FNH:0
FNDA:0,(anonymous_0)
FNDA:0,ListagemUsuarios
FNDA:0,(anonymous_2)
FNDA:0,excluir
FNDA:0,handleConfirmDialog
FNDA:0,(anonymous_5)
FNDA:0,(anonymous_6)
FNDA:0,(anonymous_7)
FNDA:0,carregarUsuarios
FNDA:0,(anonymous_9)
FNDA:0,(anonymous_10)
FNDA:0,(anonymous_11)
FNDA:0,(anonymous_12)
FNDA:0,(anonymous_13)
FNDA:0,(anonymous_14)
FNDA:0,(anonymous_15)
DA:12,1
DA:16,1
DA:32,0
DA:33,0
DA:34,0
DA:35,0
DA:36,0
DA:37,0
DA:38,0
DA:39,0
DA:41,0
DA:42,0
DA:46,0
DA:50,0
DA:51,0
DA:52,0
DA:54,0
DA:55,0
DA:56,0
DA:58,0
DA:63,0
DA:66,0
DA:67,0
DA:68,0
DA:69,0
DA:72,0
DA:74,0
DA:75,0
DA:84,0
DA:89,0
LF:30
LH:2
BRDA:89,0,0,0
BRDA:89,0,1,0
BRF:2
BRH:0
end_of_record
TN:
SF:src\pages\ListagemVeiculos.jsx
FN:19,(anonymous_0)
FN:34,ListagemVeiculos
FN:44,alterar
FN:48,(anonymous_3)
FN:52,excluir
FN:56,handleConfirmDialog
FN:60,(anonymous_6)
FN:65,(anonymous_7)
FN:70,(anonymous_8)
FN:72,carregarVeiculos
FN:75,(anonymous_10)
FN:77,(anonymous_11)
FN:86,(anonymous_12)
FN:92,(anonymous_13)
FN:103,(anonymous_14)
FN:111,(anonymous_15)
FN:116,(anonymous_16)
FNF:17
FNH:0
FNDA:0,(anonymous_0)
FNDA:0,ListagemVeiculos
FNDA:0,alterar
FNDA:0,(anonymous_3)
FNDA:0,excluir
FNDA:0,handleConfirmDialog
FNDA:0,(anonymous_6)
FNDA:0,(anonymous_7)
FNDA:0,(anonymous_8)
FNDA:0,carregarVeiculos
FNDA:0,(anonymous_10)
FNDA:0,(anonymous_11)
FNDA:0,(anonymous_12)
FNDA:0,(anonymous_13)
FNDA:0,(anonymous_14)
FNDA:0,(anonymous_15)
FNDA:0,(anonymous_16)
DA:12,1
DA:19,1
DA:35,0
DA:36,0
DA:37,0
DA:38,0
DA:39,0
DA:40,0
DA:41,0
DA:42,0
DA:45,0
DA:48,0
DA:49,0
DA:53,0
DA:57,0
DA:58,0
DA:59,0
DA:61,0
DA:62,0
DA:63,0
DA:65,0
DA:70,0
DA:73,0
DA:74,0
DA:76,0
DA:78,0
DA:86,0
DA:89,0
DA:92,0
DA:103,0
DA:111,0
DA:116,0
LF:32
LH:2
BRDA:95,0,0,0
BRDA:95,0,1,0
BRF:2
BRH:0
end_of_record
TN:
SF:src\pages\Login.jsx
FN:9,Login
FN:21,(anonymous_1)
FN:25,(anonymous_2)
FN:29,(anonymous_3)
FN:30,(anonymous_4)
FN:34,(anonymous_5)
FN:46,(anonymous_6)
FNF:7
FNH:0
FNDA:0,Login
FNDA:0,(anonymous_1)
FNDA:0,(anonymous_2)
FNDA:0,(anonymous_3)
FNDA:0,(anonymous_4)
FNDA:0,(anonymous_5)
FNDA:0,(anonymous_6)
DA:11,0
DA:12,0
DA:14,0
DA:15,0
DA:16,0
DA:18,0
DA:20,0
DA:22,0
DA:23,0
DA:24,0
DA:26,0
DA:27,0
DA:29,0
DA:30,0
DA:34,0
DA:46,0
LF:16
LH:0
BRF:0
BRH:0
end_of_record
TN:
SF:src\pages\Pagina404.jsx
FN:4,Pagina404
FNF:1
FNH:0
FNDA:0,Pagina404
DA:6,0
LF:1
LH:0
BRF:0
BRH:0
end_of_record
TN:
SF:src\services\DashboardService.js
FN:4,(anonymous_0)
FNF:1
FNH:0
FNDA:0,(anonymous_0)
DA:3,1
DA:5,0
LF:2
LH:1
BRF:0
BRH:0
end_of_record
TN:
SF:src\services\MarcaService.js
FN:4,(anonymous_0)
FN:17,(anonymous_1)
FN:30,(anonymous_2)
FN:41,(anonymous_3)
FN:52,(anonymous_4)
FNF:5
FNH:0
FNDA:0,(anonymous_0)
FNDA:0,(anonymous_1)
FNDA:0,(anonymous_2)
FNDA:0,(anonymous_3)
FNDA:0,(anonymous_4)
DA:3,1
DA:5,0
DA:18,0
DA:31,0
DA:42,0
DA:53,0
LF:6
LH:1
BRF:0
BRH:0
end_of_record
TN:
SF:src\services\PageTitleService.js
FN:1,getPageTitle
FN:12,(anonymous_1)
FNF:2
FNH:2
FNDA:81,getPageTitle
FNDA:430,(anonymous_1)
DA:2,81
DA:12,430
DA:14,81
LF:3
LH:3
BRDA:14,0,0,81
BRDA:14,0,1,0
BRF:2
BRH:1
end_of_record
TN:
SF:src\services\ServiceUtils.js
FN:3,(anonymous_0)
FN:4,(anonymous_1)
FN:5,(anonymous_2)
FN:14,(anonymous_3)
FN:23,(anonymous_4)
FN:29,(anonymous_5)
FN:38,(anonymous_6)
FNF:7
FNH:6
FNDA:5,(anonymous_0)
FNDA:5,(anonymous_1)
FNDA:5,(anonymous_2)
FNDA:3,(anonymous_3)
FNDA:0,(anonymous_4)
FNDA:1,(anonymous_5)
FNDA:1,(anonymous_6)
DA:1,5
DA:4,5
DA:5,5
DA:6,5
DA:7,2
DA:8,1
DA:10,1
DA:13,3
DA:15,3
DA:16,1
DA:17,2
DA:18,1
DA:20,1
DA:23,0
DA:30,1
DA:32,0
DA:34,1
DA:39,1
DA:40,1
LF:19
LH:17
BRDA:6,0,0,2
BRDA:6,0,1,3
BRDA:7,1,0,1
BRDA:7,1,1,1
BRDA:15,2,0,1
BRDA:15,2,1,2
BRDA:17,3,0,1
BRDA:17,3,1,1
BRDA:30,4,0,0
BRDA:30,4,1,1
BRF:10
BRH:9
end_of_record
TN:
SF:src\services\UsuarioService.js
FN:4,(anonymous_0)
FN:13,(anonymous_1)
FN:19,(anonymous_2)
FN:32,(anonymous_3)
FN:42,(anonymous_4)
FNF:5
FNH:0
FNDA:0,(anonymous_0)
FNDA:0,(anonymous_1)
FNDA:0,(anonymous_2)
FNDA:0,(anonymous_3)
FNDA:0,(anonymous_4)
DA:3,3
DA:5,0
DA:14,0
DA:15,0
DA:20,0
DA:33,0
DA:43,0
LF:7
LH:1
BRF:0
BRH:0
end_of_record
TN:
SF:src\services\VeiculoService.js
FN:4,(anonymous_0)
FN:12,(anonymous_1)
FN:25,(anonymous_2)
FN:38,(anonymous_3)
FN:44,(anonymous_4)
FN:50,(anonymous_5)
FNF:6
FNH:6
FNDA:1,(anonymous_0)
FNDA:1,(anonymous_1)
FNDA:1,(anonymous_2)
FNDA:1,(anonymous_3)
FNDA:1,(anonymous_4)
FNDA:1,(anonymous_5)
DA:3,3
DA:5,1
DA:13,1
DA:26,1
DA:39,1
DA:45,1
DA:51,1
LF:7
LH:7
BRF:0
BRH:0
end_of_record
